[2013-09-23 23:22:52] spider.DEBUG: http://videos-chistosos.com.mx/	200	0.342818 [] []
[2013-09-23 23:23:40] spider.DEBUG: http://videos-chistosos.com.mx	200	0.1863 [] []
[2013-09-23 23:27:28] spider.DEBUG: http://videos-chistosos.com.mx/video/policias-y-disparos-1897/	200	0.201418 [] []
[2013-09-23 23:29:03] spider.DEBUG: http://videos-chistosos.com.mx/video/bloopers-en-los-juegos-para-ninos-1896/	200	0.196165 [] []
[2013-09-23 23:29:04] spider.DEBUG: http://videos-chistosos.com.mx/video/fails-y-caidas-pasadas-por-agua-1895/	200	0.190025 [] []
[2013-09-23 23:29:05] spider.DEBUG: http://videos-chistosos.com.mx/video/saltos-fallidos-1894/	200	0.196309 [] []
[2013-09-23 23:29:05] spider.DEBUG: http://videos-chistosos.com.mx/video/36-golpes-en-30-segundos-1893/	200	0.190257 [] []
[2013-09-23 23:29:06] spider.DEBUG: http://videos-chistosos.com.mx/video/un-ladron-muy-tonto-1892/	200	0.188986 [] []
[2013-09-23 23:33:05] spider.DEBUG: http://videos-chistosos.com.mx/video/bromas-que-destruyen-autos-1891/	200	0.195089 [] []
[2013-09-23 23:33:05] spider.DEBUG: http://videos-chistosos.com.mx/video/un-tropezon-no-es-caida-1890/	200	0.188537 [] []
[2013-09-23 23:33:06] spider.DEBUG: http://videos-chistosos.com.mx/video/gatos-o-perros-1889/	200	0.189773 [] []
[2013-09-23 23:34:28] spider.DEBUG: http://videos-chistosos.com.mx/	200	0.18788 [] []
[2013-09-23 23:34:29] spider.DEBUG: http://videos-chistosos.com.mx/video/policias-y-disparos-1897/	200	0.189933 [] []
[2013-09-23 23:36:48] spider.DEBUG: http://videos-chistosos.com.mx/video/bloopers-en-los-juegos-para-ninos-1896/	200	0.194258 [] []
[2013-09-23 23:37:33] spider.DEBUG: http://videos-chistosos.com.mx/video/fails-y-caidas-pasadas-por-agua-1895/	200	0.195369 [] []
[2013-09-23 23:37:33] spider.DEBUG: http://videos-chistosos.com.mx/video/saltos-fallidos-1894/	200	0.190496 [] []
[2013-09-23 23:40:13] spider.DEBUG: http://videos-chistosos.com.mx/video/36-golpes-en-30-segundos-1893/	200	0.194559 [] []
[2013-09-23 23:45:58] spider.DEBUG: http://videos-chistosos.com.mx/	200	0.194942 [] []
[2013-09-23 23:45:59] spider.DEBUG: http://videos-chistosos.com.mx/video/policias-y-disparos-1897/	200	0.190705 [] []
[2013-09-23 23:45:59] spider.DEBUG: http://videos-chistosos.com.mx/video/bloopers-en-los-juegos-para-ninos-1896/	200	0.190499 [] []
[2013-09-23 23:46:00] spider.DEBUG: http://videos-chistosos.com.mx/video/fails-y-caidas-pasadas-por-agua-1895/	200	0.189328 [] []
[2013-09-23 23:46:00] spider.DEBUG: http://videos-chistosos.com.mx/video/saltos-fallidos-1894/	200	0.189166 [] []
[2013-09-23 23:46:01] spider.DEBUG: http://videos-chistosos.com.mx/video/36-golpes-en-30-segundos-1893/	200	0.189512 [] []
[2013-09-23 23:46:02] spider.DEBUG: http://videos-chistosos.com.mx/video/un-ladron-muy-tonto-1892/	200	0.191227 [] []
[2013-09-23 23:46:02] spider.DEBUG: http://videos-chistosos.com.mx/video/bromas-que-destruyen-autos-1891/	200	0.245536 [] []
[2013-09-23 23:46:03] spider.DEBUG: http://videos-chistosos.com.mx/video/un-tropezon-no-es-caida-1890/	200	0.191564 [] []
[2013-09-23 23:46:04] spider.DEBUG: http://videos-chistosos.com.mx/video/gatos-o-perros-1889/	200	0.190628 [] []
[2013-09-23 23:46:04] spider.DEBUG: http://videos-chistosos.com.mx	200	0.182466 [] []
[2013-09-23 23:48:46] spider.DEBUG: http://videos-chistosos.com.mx/	200	0.187746 [] []
[2013-09-23 23:48:47] spider.DEBUG: http://videos-chistosos.com.mx	200	0.183404 [] []
[2013-09-23 23:50:43] spider.DEBUG: http://videos-chistosos.com.mx/	200	0.185872 [] []
[2013-09-23 23:50:44] spider.DEBUG: http://videos-chistosos.com.mx/top/	200	0.181948 [] []
[2013-09-23 23:50:45] spider.DEBUG: http://videos-chistosos.com.mx/video/policias-y-disparos-1897/	200	0.190167 [] []
[2013-09-23 23:51:21] spider.DEBUG: http://videos-chistosos.com.mx/	200	0.184944 [] []
[2013-09-23 23:51:22] spider.DEBUG: http://videos-chistosos.com.mx/video/policias-y-disparos-1897/	200	0.188987 [] []
[2013-09-23 23:51:23] spider.DEBUG: http://videos-chistosos.com.mx/video/bloopers-en-los-juegos-para-ninos-1896/	200	0.190474 [] []
[2013-09-23 23:51:23] spider.DEBUG: http://videos-chistosos.com.mx/video/fails-y-caidas-pasadas-por-agua-1895/	200	0.189236 [] []
[2013-09-23 23:51:24] spider.DEBUG: http://videos-chistosos.com.mx/video/saltos-fallidos-1894/	200	0.191707 [] []
[2013-09-23 23:51:25] spider.DEBUG: http://videos-chistosos.com.mx/video/36-golpes-en-30-segundos-1893/	200	0.18932 [] []
[2013-09-23 23:51:25] spider.DEBUG: http://videos-chistosos.com.mx/video/un-ladron-muy-tonto-1892/	200	0.190446 [] []
[2013-09-23 23:51:26] spider.DEBUG: http://videos-chistosos.com.mx/video/bromas-que-destruyen-autos-1891/	200	0.190398 [] []
[2013-09-23 23:51:27] spider.DEBUG: http://videos-chistosos.com.mx/video/un-tropezon-no-es-caida-1890/	200	0.189376 [] []
[2013-09-23 23:51:27] spider.DEBUG: http://videos-chistosos.com.mx/video/gatos-o-perros-1889/	200	0.191039 [] []
[2013-09-23 23:51:28] spider.DEBUG: http://videos-chistosos.com.mx/top/	200	0.181801 [] []
[2013-09-23 23:51:29] spider.DEBUG: http://videos-chistosos.com.mx/tag/agua/	200	0.180912 [] []
[2013-09-23 23:51:29] spider.DEBUG: http://videos-chistosos.com.mx/tag/animales/	200	0.181383 [] []
[2013-09-23 23:51:30] spider.DEBUG: http://videos-chistosos.com.mx/tag/autos/	200	0.180178 [] []
[2013-09-23 23:51:31] spider.DEBUG: http://videos-chistosos.com.mx/tag/bloopers/	200	0.181699 [] []
[2013-09-23 23:51:31] spider.DEBUG: http://videos-chistosos.com.mx/tag/bromas/	200	0.183838 [] []
[2013-09-23 23:51:32] spider.DEBUG: http://videos-chistosos.com.mx/tag/caidas/	200	0.183908 [] []
[2013-09-23 23:51:33] spider.DEBUG: http://videos-chistosos.com.mx/tag/cosas-insolitas/	200	0.182041 [] []
[2013-09-23 23:51:33] spider.DEBUG: http://videos-chistosos.com.mx/tag/camaras-ocultas/	200	0.183709 [] []
[2013-09-23 23:51:34] spider.DEBUG: http://videos-chistosos.com.mx/tag/deportes/	200	0.181329 [] []
[2013-09-23 23:51:35] spider.DEBUG: http://videos-chistosos.com.mx/tag/fail/	200	0.181124 [] []
[2013-09-23 23:51:35] spider.DEBUG: http://videos-chistosos.com.mx/tag/futbol/	200	0.181165 [] []
[2013-09-23 23:51:36] spider.DEBUG: http://videos-chistosos.com.mx/tag/golpes/	200	0.185936 [] []
[2013-09-23 23:51:37] spider.DEBUG: http://videos-chistosos.com.mx/tag/hombres/	200	0.183532 [] []
[2013-09-23 23:51:37] spider.DEBUG: http://videos-chistosos.com.mx/tag/humor/	200	0.18616 [] []
[2013-09-23 23:51:38] spider.DEBUG: http://videos-chistosos.com.mx/tag/japoneses/	200	0.183987 [] []
[2013-09-23 23:51:39] spider.DEBUG: http://videos-chistosos.com.mx/tag/mujeres/	200	0.181778 [] []
[2013-09-23 23:51:40] spider.DEBUG: http://videos-chistosos.com.mx/tag/ninos/	200	0.181772 [] []
[2013-09-23 23:51:40] spider.DEBUG: http://videos-chistosos.com.mx/tag/parodia/	200	0.180015 [] []
[2013-09-23 23:51:41] spider.DEBUG: http://videos-chistosos.com.mx/tag/perros/	200	0.181898 [] []
[2013-09-23 23:51:42] spider.DEBUG: http://videos-chistosos.com.mx/tag/publicidad/	200	0.312003 [] []
[2013-09-23 23:51:42] spider.DEBUG: http://videos-chistosos.com.mx/tag/saltos/	200	0.181001 [] []
[2013-09-23 23:51:43] spider.DEBUG: http://videos-chistosos.com.mx/tag/sustos/	200	0.18207 [] []
[2013-09-23 23:51:44] spider.DEBUG: http://videos-chistosos.com.mx/contacto/	200	0.162343 [] []
[2013-09-23 23:51:44] spider.DEBUG: http://videos-chistosos.com.mx/privacidad/	200	0.175958 [] []
[2013-09-23 23:51:45] spider.DEBUG: http://videos-chistosos.com.mx/links/	200	0.174956 [] []
[2013-09-23 23:51:46] spider.DEBUG: http://videos-chistosos.com.mx/video/beneficios-del-chocolate-884/	200	0.190648 [] []
[2013-09-23 23:51:46] spider.DEBUG: http://videos-chistosos.com.mx/video/las-cadas-ms-famosas-en-un-solo-video-331/	200	0.194634 [] []
[2013-09-23 23:51:47] spider.DEBUG: http://videos-chistosos.com.mx/video/las-mejores-bromas-de-terror-1166/	200	0.189901 [] []
[2013-09-23 23:51:48] spider.DEBUG: http://videos-chistosos.com.mx/video/aprende-como-hacer-brujerias-484/	200	0.189577 [] []
[2013-09-23 23:51:48] spider.DEBUG: http://videos-chistosos.com.mx/video/nuevo-auto-para-evitar-accidentes-743/	200	0.191333 [] []
[2013-09-23 23:51:49] spider.DEBUG: http://videos-chistosos.com.mx/video/tirolesa-muy-divertida-877/	200	0.192047 [] []
[2013-09-23 23:51:50] spider.DEBUG: http://videos-chistosos.com.mx/video/un-ciego-atrevido-1623/	200	0.188825 [] []
[2013-09-23 23:51:50] spider.DEBUG: http://videos-chistosos.com.mx/video/la-ardilla-dramatica-version-original-678/	200	0.190259 [] []
[2013-09-23 23:51:51] spider.DEBUG: http://videos-chistosos.com.mx/video/bromas-que-asustan-62/	200	0.191201 [] []
[2013-09-23 23:51:52] spider.DEBUG: http://videos-chistosos.com.mx/video/cuidado-con-el-nino-1511/	200	0.192059 [] []
[2013-09-23 23:51:52] spider.DEBUG: http://videos-chistosos.com.mx/video/la-verdadera-historia-de-susan-boyle-474/	200	0.191588 [] []
[2013-09-23 23:51:53] spider.DEBUG: http://videos-chistosos.com.mx/video/no-mezcles-alcohol-con-revistas-prohibidas-418/	200	0.190257 [] []
[2013-09-23 23:51:54] spider.DEBUG: http://videos-chistosos.com.mx/video/razones-para-no-batir-la-soda-1840/	200	0.188493 [] []
[2013-09-23 23:51:55] spider.DEBUG: http://videos-chistosos.com.mx/video/donde-perdio-las-llaves-1708/	200	0.190599 [] []
[2013-09-23 23:51:55] spider.DEBUG: http://videos-chistosos.com.mx/video/trata-de-no-reirte-963/	200	0.190585 [] []
[2013-09-23 23:51:56] spider.DEBUG: http://videos-chistosos.com.mx/video/caidas-muy-rapidas-y-mojadas-679/	200	0.192252 [] []
[2013-09-23 23:51:57] spider.DEBUG: http://videos-chistosos.com.mx/video/humanos-imitando-gatitos-1348/	200	0.189651 [] []
[2013-09-23 23:51:57] spider.DEBUG: http://videos-chistosos.com.mx/video/cosas-para-hacer-mientras-miramos-animal-planet-131/	200	0.189341 [] []
[2013-09-23 23:51:58] spider.DEBUG: http://videos-chistosos.com.mx/video/los-mejores-fails-para-reir-1793/	200	0.189785 [] []
[2013-09-23 23:51:59] spider.DEBUG: http://videos-chistosos.com.mx/video/humanos-y-animales-quien-le-teme-a-quien-108/	200	0.18961 [] []
[2013-09-23 23:51:59] spider.DEBUG: http://videos-chistosos.com.mx/video/asi-se-arruina-un-momento-149/	200	0.189664 [] []
[2013-09-23 23:52:00] spider.DEBUG: http://videos-chistosos.com.mx/video/interpretando-motos-46/	200	0.190276 [] []
[2013-09-23 23:52:01] spider.DEBUG: http://videos-chistosos.com.mx/video/triple-dolor-y-wtf-1128/	200	0.189984 [] []
[2013-09-23 23:52:01] spider.DEBUG: http://videos-chistosos.com.mx/video/nuevo-lanzador-de-cohetes-593/	200	0.189618 [] []
[2013-09-23 23:52:02] spider.DEBUG: http://videos-chistosos.com.mx/video/atacado-por-un-gong-1655/	200	0.189383 [] []
[2013-09-23 23:52:03] spider.DEBUG: http://videos-chistosos.com.mx/video/los-ultimos-y-mejores-fails-de-2012-1709/	200	0.189684 [] []
[2013-09-23 23:52:03] spider.DEBUG: http://videos-chistosos.com.mx/video/explosion-en-la-cara-1690/	200	0.188547 [] []
[2013-09-23 23:52:04] spider.DEBUG: http://videos-chistosos.com.mx/video/patada-explosiva-1287/	200	0.189613 [] []
[2013-09-23 23:52:05] spider.DEBUG: http://videos-chistosos.com.mx/video/lata-vs-cabeza-1135/	200	0.191199 [] []
[2013-09-23 23:52:05] spider.DEBUG: http://videos-chistosos.com.mx/video/los-perros-son-iguales-a-los-duenos-578/	200	0.189198 [] []
[2013-09-23 23:52:06] spider.DEBUG: http://videos-chistosos.com.mx/video/los-perros-y-gatos-mas-divertidos-1127/	200	0.189293 [] []
[2013-09-23 23:52:07] spider.DEBUG: http://videos-chistosos.com.mx/video/las-mejores-bromas-de-los-padres-1822/	200	0.189398 [] []
[2013-09-23 23:52:08] spider.DEBUG: http://videos-chistosos.com.mx/video/otra-de-graduacion-1206/	200	0.191092 [] []
[2013-09-23 23:52:08] spider.DEBUG: http://videos-chistosos.com.mx/video/bromas-pesadas-anaconda-en-bano-publico-251/	200	0.221513 [] []
[2013-09-23 23:52:09] spider.DEBUG: http://videos-chistosos.com.mx/video/excelente-recopilacion-de-caidas-y-porrazos-82/	200	0.19042 [] []
[2013-09-23 23:52:10] spider.DEBUG: http://videos-chistosos.com.mx/video/los-besos-mas-apasionados-292/	200	0.190066 [] []
[2013-09-23 23:52:10] spider.DEBUG: http://videos-chistosos.com.mx/video/nuevo-truco-de-skate-756/	200	0.19 [] []
[2013-09-23 23:52:11] spider.DEBUG: http://videos-chistosos.com.mx/video/mejores-amigos-parte-2-17/	200	0.190307 [] []
[2013-09-23 23:52:12] spider.DEBUG: http://videos-chistosos.com.mx/video/un-hombre-loco-que-duerme-sobre-gente-1715/	200	0.190898 [] []
[2013-09-23 23:52:12] spider.DEBUG: http://videos-chistosos.com.mx/video/que-queria-hacer-844/	200	0.190388 [] []
[2013-09-23 23:52:13] spider.DEBUG: http://videos-chistosos.com.mx/video/brasil-desde-mis-ojos-1215/	200	0.188803 [] []
[2013-09-23 23:52:14] spider.DEBUG: http://videos-chistosos.com.mx/video/limonada-hecha-con-pis-1641/	200	0.19012 [] []
[2013-09-23 23:52:14] spider.DEBUG: http://videos-chistosos.com.mx/video/cuidado-que-muerden-y-patean-fuerte-513/	200	0.189522 [] []
[2013-09-23 23:52:15] spider.DEBUG: http://videos-chistosos.com.mx/video/mujer-forzuda-1148/	200	0.192304 [] []
[2013-09-23 23:52:16] spider.DEBUG: http://videos-chistosos.com.mx/video/circuito-casero-997/	200	0.189894 [] []
[2013-09-23 23:52:16] spider.DEBUG: http://videos-chistosos.com.mx/video/bulldog-frances-baila-con-su-amo-1147/	200	0.189895 [] []
[2013-09-23 23:52:17] spider.DEBUG: http://videos-chistosos.com.mx/video/la-recepcionista-mas-sexy-315/	200	0.189706 [] []
[2013-09-23 23:52:18] spider.DEBUG: http://videos-chistosos.com.mx/video/no-molestes-a-dios-1424/	200	0.18905 [] []
[2013-09-23 23:52:18] spider.DEBUG: http://videos-chistosos.com.mx/video/mi-nueva-scooter-555/	200	0.189765 [] []
[2013-09-23 23:52:19] spider.DEBUG: http://videos-chistosos.com.mx/video/como-no-publicitar-una-wii-1309/	200	0.18941 [] []
[2013-09-23 23:52:20] spider.DEBUG: http://videos-chistosos.com.mx/video/un-verdadero-dia-de-furia-1463/	200	0.190109 [] []
[2013-09-23 23:52:21] spider.DEBUG: http://videos-chistosos.com.mx/video/expertos-con-los-bidones-507/	200	0.189488 [] []
[2013-09-23 23:52:21] spider.DEBUG: http://videos-chistosos.com.mx/video/golpe-muy-fuerte-956/	200	0.189706 [] []
[2013-09-23 23:52:22] spider.DEBUG: http://videos-chistosos.com.mx/video/reirse-asi-es-normal-en-una-mujer-142/	200	0.19061 [] []
[2013-09-23 23:52:23] spider.DEBUG: http://videos-chistosos.com.mx/video/el-pene-volador-1035/	200	0.189468 [] []
[2013-09-23 23:52:23] spider.DEBUG: http://videos-chistosos.com.mx/video/loros-cantando-75/	200	0.190198 [] []
[2013-09-23 23:52:24] spider.DEBUG: http://videos-chistosos.com.mx/video/bebe-riendo-histericamente-al-rasgar-el-papel-1096/	200	0.190896 [] []
[2013-09-23 23:52:25] spider.DEBUG: http://videos-chistosos.com.mx/video/la-chica-en-bombacha-1501/	200	0.190138 [] []
[2013-09-23 23:52:25] spider.DEBUG: http://videos-chistosos.com.mx/video/borracho-alergico-1131/	200	0.189074 [] []
[2013-09-23 23:52:26] spider.DEBUG: http://videos-chistosos.com.mx/video/bromas-japonesas-que-no-puedes-perderte-222/	200	0.191674 [] []
[2013-09-23 23:52:27] spider.DEBUG: http://videos-chistosos.com.mx/video/cuidado-con-las-pelotitas-de-ping-pong-1611/	200	0.189833 [] []
[2013-09-23 23:52:27] spider.DEBUG: http://videos-chistosos.com.mx/video/torneo-bowling-en-topless-280/	200	0.189108 [] []
[2013-09-23 23:52:28] spider.DEBUG: http://videos-chistosos.com.mx/video/no-le-tiene-miedo-a-nada-1288/	200	0.189473 [] []
[2013-09-23 23:52:29] spider.DEBUG: http://videos-chistosos.com.mx/video/cantando-el-pedido-en-automc-1191/	200	0.189257 [] []
[2013-09-23 23:52:29] spider.DEBUG: http://videos-chistosos.com.mx/video/version-inedita-de-kiko-bailando-reggaeton-472/	200	0.191436 [] []
[2013-09-23 23:52:30] spider.DEBUG: http://videos-chistosos.com.mx/video/la-broma-de-la-foto-1141/	200	0.203792 [] []
[2013-09-23 23:52:31] spider.DEBUG: http://videos-chistosos.com.mx/video/trucos-con-la-moto-992/	200	0.19084 [] []
[2013-09-23 23:52:31] spider.DEBUG: http://videos-chistosos.com.mx/video/todo-por-un-contingente-de-turistas-1495/	200	0.189629 [] []
[2013-09-23 23:52:32] spider.DEBUG: http://videos-chistosos.com.mx/video/carrusel-a-motor-1260/	200	0.200692 [] []
[2013-09-23 23:52:33] spider.DEBUG: http://videos-chistosos.com.mx/video/los-gatos-tambien-fallan-1405/	200	0.190249 [] []
[2013-09-23 23:52:34] spider.DEBUG: http://videos-chistosos.com.mx/video/top-15-de-los-mejores-golpes-y-caidas-775/	200	0.188793 [] []
[2013-09-23 23:52:34] spider.DEBUG: http://videos-chistosos.com.mx/tag/gatos/	200	0.180883 [] []
[2013-09-23 23:52:35] spider.DEBUG: http://videos-chistosos.com.mx/video/amigos-de-verdad-1177/	200	0.189487 [] []
[2013-09-23 23:52:36] spider.DEBUG: http://videos-chistosos.com.mx/video/bloopers-de-pinatas-1179/	200	0.189453 [] []
[2013-09-23 23:52:36] spider.DEBUG: http://videos-chistosos.com.mx/video/la-cama-elastica-1275/	200	0.190646 [] []
[2013-09-23 23:52:37] spider.DEBUG: http://videos-chistosos.com.mx/video/quad-atascado-1273/	200	0.192888 [] []
[2013-09-23 23:52:38] spider.DEBUG: http://videos-chistosos.com.mx/video/imitando-motores-1250/	200	0.189537 [] []
[2013-09-23 23:52:38] spider.DEBUG: http://videos-chistosos.com.mx/video/top-10-golpes-en-la-cara-1745/	200	0.195241 [] []
[2013-09-23 23:52:39] spider.DEBUG: http://videos-chistosos.com.mx/video/broma-de-muerte-1137/	200	0.190272 [] []
[2013-09-23 23:52:40] spider.DEBUG: http://videos-chistosos.com.mx/video/quieres-saber-que-grita-la-china-del-aeropuerto-385/	200	0.191333 [] []
[2013-09-23 23:52:40] spider.DEBUG: http://videos-chistosos.com.mx/video/pierna-endurecida-1307/	200	0.189698 [] []
[2013-09-23 23:52:41] spider.DEBUG: http://videos-chistosos.com.mx/video/las-piranas-asesinas-1659/	200	0.189649 [] []
[2013-09-23 23:52:42] spider.DEBUG: http://videos-chistosos.com.mx/video/golpe-en-la-piscina-de-olas-1524/	200	0.189308 [] []
[2013-09-23 23:52:42] spider.DEBUG: http://videos-chistosos.com.mx/video/no-mezclar-trampolin-con-pileta-1519/	200	0.189545 [] []
[2013-09-23 23:52:43] spider.DEBUG: http://videos-chistosos.com.mx/video/hombre-al-agua-1437/	200	0.190652 [] []
[2013-09-23 23:52:44] spider.DEBUG: http://videos-chistosos.com.mx/video/diversion-en-el-lago-1367/	200	0.190144 [] []
[2013-09-23 23:52:44] spider.DEBUG: http://videos-chistosos.com.mx/video/del-yate-al-agua-1252/	200	0.190611 [] []
[2013-09-23 23:52:45] spider.DEBUG: http://videos-chistosos.com.mx/video/salto-a-la-piscina-1079/	200	0.191137 [] []
[2013-09-23 23:52:46] spider.DEBUG: http://videos-chistosos.com.mx/video/torre-de-sillas-1051/	200	0.188947 [] []
[2013-09-23 23:52:46] spider.DEBUG: http://videos-chistosos.com.mx/top/agua/	200	0.18202 [] []
[2013-09-23 23:52:47] spider.DEBUG: http://videos-chistosos.com.mx/video/bloopers-caseros-1830/	200	0.189427 [] []
[2013-09-23 23:52:48] spider.DEBUG: http://videos-chistosos.com.mx/video/un-verdadero-amigo-de-este-bebe-1721/	200	0.190847 [] []
[2013-09-23 23:52:49] spider.DEBUG: http://videos-chistosos.com.mx/video/serpiente-en-la-remera-1718/	200	0.188619 [] []
[2013-09-23 23:52:49] spider.DEBUG: http://videos-chistosos.com.mx/video/cuidado-con-el-perro-1716/	200	0.189569 [] []
[2013-09-23 23:52:50] spider.DEBUG: http://videos-chistosos.com.mx/video/explosion-en-el-bunker-1680/	200	0.18936 [] []
[2013-09-23 23:52:51] spider.DEBUG: http://videos-chistosos.com.mx/video/ciego-al-agua-1668/	200	0.189955 [] []
[2013-09-23 23:52:51] spider.DEBUG: http://videos-chistosos.com.mx/video/pato-ataca-en-el-supermercado-1660/	200	0.191035 [] []
[2013-09-23 23:52:52] spider.DEBUG: http://videos-chistosos.com.mx/top/animales/	200	0.182019 [] []
[2013-09-23 23:52:53] spider.DEBUG: http://videos-chistosos.com.mx/video/mira-como-le-destruyen-el-auto-1610/	200	0.189727 [] []
[2013-09-23 23:52:53] spider.DEBUG: http://videos-chistosos.com.mx/video/problemas-para-estacionar-1532/	200	0.189735 [] []
[2013-09-23 23:52:54] spider.DEBUG: http://videos-chistosos.com.mx/video/sensor-trasero-1130/	200	0.190845 [] []
[2013-09-23 23:52:55] spider.DEBUG: http://videos-chistosos.com.mx/video/salto-increible-912/	200	0.189497 [] []
[2013-09-23 23:52:55] spider.DEBUG: http://videos-chistosos.com.mx/video/destruye-tu-auto-818/	200	0.189933 [] []
[2013-09-23 23:52:56] spider.DEBUG: http://videos-chistosos.com.mx/video/el-auto-mas-liviano-del-mundo-816/	200	0.191837 [] []
[2013-09-23 23:52:57] spider.DEBUG: http://videos-chistosos.com.mx/video/nuevo-aire-acondicionado-815/	200	0.189649 [] []
[2013-09-23 23:52:57] spider.DEBUG: http://videos-chistosos.com.mx/video/los-mejores-bloopers-de-internet-800/	200	0.190847 [] []
[2013-09-23 23:52:58] spider.DEBUG: http://videos-chistosos.com.mx/video/lo-mejor-para-destruir-un-auto-796/	200	0.188872 [] []
[2013-09-23 23:52:59] spider.DEBUG: http://videos-chistosos.com.mx/top/autos/	200	0.183189 [] []
[2013-09-23 23:52:59] spider.DEBUG: http://videos-chistosos.com.mx/video/bloopers-y-fails-en-longboard-1885/	200	0.189722 [] []
[2013-09-23 23:53:00] spider.DEBUG: http://videos-chistosos.com.mx/video/bloopers-para-reir-1884/	200	0.30301 [] []
[2013-09-23 23:53:01] spider.DEBUG: http://videos-chistosos.com.mx/video/centro-de-gravedad-corrido-1881/	200	0.191322 [] []
[2013-09-23 23:53:02] spider.DEBUG: http://videos-chistosos.com.mx/video/caidas-y-bloopers-para-morir-de-risa-1880/	200	0.189601 [] []
[2013-09-23 23:53:02] spider.DEBUG: http://videos-chistosos.com.mx/video/los-mejores-fails-y-bloopers-1876/	200	0.189267 [] []
[2013-09-23 23:53:03] spider.DEBUG: http://videos-chistosos.com.mx/top/bloopers/	200	0.185282 [] []
[2013-09-23 23:53:04] spider.DEBUG: http://videos-chistosos.com.mx/video/broma-para-hacer-en-el-colegio-1888/	200	0.188835 [] []
[2013-09-23 23:53:04] spider.DEBUG: http://videos-chistosos.com.mx/video/broma-a-los-policias-1887/	200	0.189639 [] []
[2013-09-23 23:53:05] spider.DEBUG: http://videos-chistosos.com.mx/video/broma-secuestro-mafioso-1886/	200	0.19004 [] []
[2013-09-23 23:53:06] spider.DEBUG: http://videos-chistosos.com.mx/video/un-dinosaurio-en-la-oficina-1883/	200	0.189965 [] []
[2013-09-23 23:53:06] spider.DEBUG: http://videos-chistosos.com.mx/video/broma-de-miedo-en-alta-definicion-1882/	200	0.189371 [] []
[2013-09-23 23:53:07] spider.DEBUG: http://videos-chistosos.com.mx/video/broma-google-glasses-1877/	200	0.189054 [] []
[2013-09-23 23:53:08] spider.DEBUG: http://videos-chistosos.com.mx/top/bromas/	200	0.185195 [] []
[2013-09-23 23:53:09] spider.DEBUG: http://videos-chistosos.com.mx/video/increible-que-no-se-lastimen-1872/	200	0.189344 [] []
[2013-09-23 23:53:09] spider.DEBUG: http://videos-chistosos.com.mx/video/golpazo-en-la-cara-1855/	200	0.18916 [] []
[2013-09-23 23:53:10] spider.DEBUG: http://videos-chistosos.com.mx/video/los-mejores-bloopers-de-la-nba-2013-1851/	200	0.189023 [] []
[2013-09-23 23:53:11] spider.DEBUG: http://videos-chistosos.com.mx/top/caidas/	200	0.185638 [] []
[2013-09-23 23:53:11] spider.DEBUG: http://videos-chistosos.com.mx/video/hombre-nada-sobre-su-auto-por-el-granizo-1750/	200	0.191954 [] []
[2013-09-23 23:53:12] spider.DEBUG: http://videos-chistosos.com.mx/video/el-hombre-mas-tonto-del-mundo-1487/	200	0.191415 [] []
[2013-09-23 23:53:13] spider.DEBUG: http://videos-chistosos.com.mx/video/cuidado-no-molestar-1482/	200	0.190323 [] []
[2013-09-23 23:53:13] spider.DEBUG: http://videos-chistosos.com.mx/video/la-novia-ideal-1473/	200	0.336964 [] []
[2013-09-23 23:53:14] spider.DEBUG: http://videos-chistosos.com.mx/video/gato-se-cree-un-perro-1466/	200	0.189103 [] []
[2013-09-23 23:53:15] spider.DEBUG: http://videos-chistosos.com.mx/video/para-eso-existen-los-calzones-1456/	200	0.189944 [] []
[2013-09-23 23:53:16] spider.DEBUG: http://videos-chistosos.com.mx/video/dance-club-mirror-1446/	200	0.189539 [] []
[2013-09-23 23:53:16] spider.DEBUG: http://videos-chistosos.com.mx/video/como-vaciar-una-piscina-1441/	200	0.190783 [] []
[2013-09-23 23:53:17] spider.DEBUG: http://videos-chistosos.com.mx/top/cosas-insolitas/	200	0.18261 [] []
[2013-09-23 23:53:18] spider.DEBUG: http://videos-chistosos.com.mx/video/una-arana-en-la-cabina-de-fotos-1871/	200	0.189021 [] []
[2013-09-23 23:53:18] spider.DEBUG: http://videos-chistosos.com.mx/video/no-patees-al-bebe-1839/	200	0.189149 [] []
[2013-09-23 23:53:19] spider.DEBUG: http://videos-chistosos.com.mx/video/madre-abandona-bebe-1837/	200	0.190873 [] []
[2013-09-23 23:53:20] spider.DEBUG: http://videos-chistosos.com.mx/video/un-pelotazo-en-las-1836/	200	0.190219 [] []
[2013-09-23 23:53:20] spider.DEBUG: http://videos-chistosos.com.mx/video/se-fractura-la-espalda-1832/	200	0.191625 [] []
[2013-09-23 23:53:21] spider.DEBUG: http://videos-chistosos.com.mx/video/se-casa-con-un-gorila-1824/	200	0.414986 [] []
[2013-09-23 23:53:22] spider.DEBUG: http://videos-chistosos.com.mx/top/camaras-ocultas/	200	0.182623 [] []
[2013-09-23 23:53:23] spider.DEBUG: http://videos-chistosos.com.mx/video/top-10-bloopers-de-la-nba-2012-1714/	200	0.188495 [] []
[2013-09-23 23:53:23] spider.DEBUG: http://videos-chistosos.com.mx/video/el-festejo-de-gol-mas-loco-del-mundo-1599/	200	0.221209 [] []
[2013-09-23 23:53:24] spider.DEBUG: http://videos-chistosos.com.mx/video/bloopers-futbol-americano-1507/	200	0.189439 [] []
[2013-09-23 23:53:25] spider.DEBUG: http://videos-chistosos.com.mx/video/para-los-amantes-y-los-que-no-saben-nada-de-futbol-1496/	200	0.189307 [] []
[2013-09-23 23:53:25] spider.DEBUG: http://videos-chistosos.com.mx/video/truco-para-hacer-un-gol-1246/	200	0.190519 [] []
[2013-09-23 23:53:26] spider.DEBUG: http://videos-chistosos.com.mx/video/arbitro-magico-1226/	200	0.191776 [] []
[2013-09-23 23:53:27] spider.DEBUG: http://videos-chistosos.com.mx/video/partido-de-voley-1021/	200	0.189947 [] []
[2013-09-23 23:53:27] spider.DEBUG: http://videos-chistosos.com.mx/top/deportes/	200	0.183368 [] []
[2013-09-23 23:53:28] spider.DEBUG: http://videos-chistosos.com.mx/video/golpe-duro-en-la-nieve-1868/	200	0.189016 [] []
[2013-09-23 23:53:29] spider.DEBUG: http://videos-chistosos.com.mx/video/cuidado-con-la-resbalada-1867/	200	0.187985 [] []
[2013-09-23 23:53:29] spider.DEBUG: http://videos-chistosos.com.mx/top/fail/	200	0.181215 [] []
[2013-09-23 23:53:30] spider.DEBUG: http://videos-chistosos.com.mx/video/neymar-street-fighter-1831/	200	0.190328 [] []
[2013-09-23 23:53:31] spider.DEBUG: http://videos-chistosos.com.mx/video/messi-vs-kobe-leyendas-en-las-alturas-1702/	200	0.189372 [] []
[2013-09-23 23:53:32] spider.DEBUG: http://videos-chistosos.com.mx/video/danos-colaterales-1121/	200	0.189118 [] []
[2013-09-23 23:53:32] spider.DEBUG: http://videos-chistosos.com.mx/video/el-mejor-golpe-en-el-futbol-1060/	200	0.18931 [] []
[2013-09-23 23:53:33] spider.DEBUG: http://videos-chistosos.com.mx/video/increible-gol-errado-994/	200	0.189869 [] []
[2013-09-23 23:53:34] spider.DEBUG: http://videos-chistosos.com.mx/top/futbol/	200	0.181181 [] []
[2013-09-23 23:53:34] spider.DEBUG: http://videos-chistosos.com.mx/video/tremendo-golpe-en-la-cara-1879/	200	0.198398 [] []
[2013-09-23 23:53:35] spider.DEBUG: http://videos-chistosos.com.mx/video/razones-para-no-pedir-matrimonio-en-publico-1878/	200	0.188946 [] []
[2013-09-23 23:53:36] spider.DEBUG: http://videos-chistosos.com.mx/video/golpe-duro-en-la-cama-elastica-1858/	200	0.189647 [] []
[2013-09-23 23:53:36] spider.DEBUG: http://videos-chistosos.com.mx/top/golpes/	200	0.184876 [] []
[2013-09-23 23:53:37] spider.DEBUG: http://videos-chistosos.com.mx/video/un-dos-tres-golpes-en-las-bolas-otra-vez-1767/	200	0.190819 [] []
[2013-09-23 23:53:38] spider.DEBUG: http://videos-chistosos.com.mx/video/la-batalla-de-los-sexos-1516/	200	0.199516 [] []
[2013-09-23 23:53:38] spider.DEBUG: http://videos-chistosos.com.mx/video/extrema-forma-de-pedir-matrimonio-1393/	200	0.189209 [] []
[2013-09-23 23:53:39] spider.DEBUG: http://videos-chistosos.com.mx/video/una-risa-muy-contagiosa-1364/	200	0.189899 [] []
[2013-09-23 23:53:40] spider.DEBUG: http://videos-chistosos.com.mx/video/broma-de-las-2-bolas-1213/	200	0.190845 [] []
[2013-09-23 23:53:40] spider.DEBUG: http://videos-chistosos.com.mx/video/depilando-a-un-hombre-1186/	200	0.190664 [] []
[2013-09-23 23:53:41] spider.DEBUG: http://videos-chistosos.com.mx/video/los-reyes-del-rave-1016/	200	0.189192 [] []
[2013-09-23 23:53:42] spider.DEBUG: http://videos-chistosos.com.mx/video/papa-primerizo-1000/	200	0.189693 [] []
[2013-09-23 23:53:42] spider.DEBUG: http://videos-chistosos.com.mx/top/hombres/	200	0.18135 [] []
[2013-09-23 23:53:43] spider.DEBUG: http://videos-chistosos.com.mx/video/los-bebes-mas-divertidos-1874/	200	0.189879 [] []
[2013-09-23 23:53:44] spider.DEBUG: http://videos-chistosos.com.mx/video/blooper-del-fisicoculturista-1869/	200	0.217003 [] []
[2013-09-23 23:53:45] spider.DEBUG: http://videos-chistosos.com.mx/video/jackass-abuelo-malo-1860/	200	0.189238 [] []
[2013-09-23 23:53:45] spider.DEBUG: http://videos-chistosos.com.mx/video/las-publicidades-chinas-mas-extranas-y-graciosas-1852/	200	0.188633 [] []
[2013-09-23 23:53:46] spider.DEBUG: http://videos-chistosos.com.mx/video/amores-platonicos-hola-soy-german-1846/	200	0.188716 [] []
[2013-09-23 23:53:47] spider.DEBUG: http://videos-chistosos.com.mx/video/top-10-explosiones-fallidas-de-fuegos-artificiales-1838/	200	0.189055 [] []
[2013-09-23 23:53:47] spider.DEBUG: http://videos-chistosos.com.mx/video/michael-jackson-vendiendo-algodones-de-azucar-1829/	200	0.188932 [] []
[2013-09-23 23:53:48] spider.DEBUG: http://videos-chistosos.com.mx/top/humor/	200	0.184173 [] []
[2013-09-23 23:53:49] spider.DEBUG: http://videos-chistosos.com.mx/video/broma-de-los-japoneses-perdidos-1534/	200	0.19771 [] []
[2013-09-23 23:53:49] spider.DEBUG: http://videos-chistosos.com.mx/video/bromas-japonesas-de-las-100-personas-1504/	200	0.189163 [] []
[2013-09-23 23:53:50] spider.DEBUG: http://videos-chistosos.com.mx/video/la-japonesa-mas-rapida-1327/	200	0.190897 [] []
[2013-09-23 23:53:51] spider.DEBUG: http://videos-chistosos.com.mx/video/la-pera-de-boxeo-1146/	200	0.190437 [] []
[2013-09-23 23:53:51] spider.DEBUG: http://videos-chistosos.com.mx/video/transporte-de-sandia-900/	200	0.191538 [] []
[2013-09-23 23:53:52] spider.DEBUG: http://videos-chistosos.com.mx/video/experto-con-los-naipes-869/	200	0.194256 [] []
[2013-09-23 23:53:53] spider.DEBUG: http://videos-chistosos.com.mx/video/eres-pervertido-811/	200	0.189804 [] []
[2013-09-23 23:53:53] spider.DEBUG: http://videos-chistosos.com.mx/video/japoneses-cantando-we-are-the-world-790/	200	0.189727 [] []
[2013-09-23 23:53:54] spider.DEBUG: http://videos-chistosos.com.mx/top/japoneses/	200	0.182851 [] []
[2013-09-23 23:53:55] spider.DEBUG: http://videos-chistosos.com.mx/video/los-mejores-bloopers-de-mujeres-hermosas-1720/	200	0.191477 [] []
[2013-09-23 23:53:56] spider.DEBUG: http://videos-chistosos.com.mx/video/mi-sexy-chambelan-1644/	200	0.189693 [] []
[2013-09-23 23:53:56] spider.DEBUG: http://videos-chistosos.com.mx/video/no-te-lo-pongas-1545/	200	0.189598 [] []
[2013-09-23 23:53:57] spider.DEBUG: http://videos-chistosos.com.mx/video/una-cantante-inigualable-1489/	200	0.189876 [] []
[2013-09-23 23:53:58] spider.DEBUG: http://videos-chistosos.com.mx/video/primer-backflip-1460/	200	0.189299 [] []
[2013-09-23 23:53:58] spider.DEBUG: http://videos-chistosos.com.mx/video/en-tu-cara-1414/	200	0.189471 [] []
[2013-09-23 23:53:59] spider.DEBUG: http://videos-chistosos.com.mx/video/mujer-le-juega-una-broma-a-su-marido-1335/	200	0.194429 [] []
[2013-09-23 23:54:00] spider.DEBUG: http://videos-chistosos.com.mx/top/mujeres/	200	0.181734 [] []
[2013-09-23 23:54:00] spider.DEBUG: http://videos-chistosos.com.mx/video/padres-bromistas-1763/	200	0.190851 [] []
[2013-09-23 23:54:01] spider.DEBUG: http://videos-chistosos.com.mx/video/5-minutos-de-fama-1727/	200	0.188613 [] []
[2013-09-23 23:54:02] spider.DEBUG: http://videos-chistosos.com.mx/video/un-golpe-a-la-confianza-1719/	200	0.190473 [] []
[2013-09-23 23:54:02] spider.DEBUG: http://videos-chistosos.com.mx/video/se-me-vuela-el-chupete-1653/	200	0.191666 [] []
[2013-09-23 23:54:03] spider.DEBUG: http://videos-chistosos.com.mx/video/el-bebe-la-tostada-y-el-grito-de-la-madre-1563/	200	0.190455 [] []
[2013-09-23 23:54:04] spider.DEBUG: http://videos-chistosos.com.mx/video/su-primer-fail-1464/	200	0.189192 [] []
[2013-09-23 23:54:04] spider.DEBUG: http://videos-chistosos.com.mx/top/ninos/	200	0.181528 [] []
[2013-09-23 23:54:05] spider.DEBUG: http://videos-chistosos.com.mx/video/como-me-gusta-la-misa-puntos-cardenales-1772/	200	0.18961 [] []
[2013-09-23 23:54:06] spider.DEBUG: http://videos-chistosos.com.mx/video/cumbia-papal-1766/	200	0.189525 [] []
[2013-09-23 23:54:06] spider.DEBUG: http://videos-chistosos.com.mx/video/gangnam-style-lucchetti-1712/	200	0.18858 [] []
[2013-09-23 23:54:07] spider.DEBUG: http://videos-chistosos.com.mx/video/titanic-super-3d-wtf-1488/	200	0.189407 [] []
[2013-09-23 23:54:08] spider.DEBUG: http://videos-chistosos.com.mx/video/un-juego-muy-particular-1382/	200	0.188902 [] []
[2013-09-23 23:54:09] spider.DEBUG: http://videos-chistosos.com.mx/video/te-borro-del-feisbuh-1116/	200	0.189969 [] []
[2013-09-23 23:54:09] spider.DEBUG: http://videos-chistosos.com.mx/video/yo-soy-shakiro-1099/	200	0.389833 [] []
[2013-09-23 23:54:10] spider.DEBUG: http://videos-chistosos.com.mx/video/imitador-de-britney-spears-1076/	200	0.1908 [] []
[2013-09-23 23:54:11] spider.DEBUG: http://videos-chistosos.com.mx/video/idolo-sueco-cantante-como-pocos-1062/	200	0.190262 [] []
[2013-09-23 23:54:11] spider.DEBUG: http://videos-chistosos.com.mx/top/parodia/	200	0.181849 [] []
[2013-09-23 23:54:12] spider.DEBUG: http://videos-chistosos.com.mx/video/un-gato-o-un-perro-1604/	200	0.190005 [] []
[2013-09-23 23:54:13] spider.DEBUG: http://videos-chistosos.com.mx/video/el-perro-que-hace-pis-en-las-piernas-de-las-mujere-1591/	200	0.190289 [] []
[2013-09-23 23:54:14] spider.DEBUG: http://videos-chistosos.com.mx/video/pisar-caca-de-perro-trae-suerte-1582/	200	0.18985 [] []
[2013-09-23 23:54:14] spider.DEBUG: http://videos-chistosos.com.mx/video/fail-con-burla-1272/	200	0.263974 [] []
[2013-09-23 23:54:15] spider.DEBUG: http://videos-chistosos.com.mx/video/perro-paseador-1254/	200	0.191368 [] []
[2013-09-23 23:54:16] spider.DEBUG: http://videos-chistosos.com.mx/video/perro-fail-1245/	200	0.189775 [] []
[2013-09-23 23:54:16] spider.DEBUG: http://videos-chistosos.com.mx/top/perros/	200	0.18136 [] []
[2013-09-23 23:54:17] spider.DEBUG: http://videos-chistosos.com.mx/video/consecuencias-de-dejar-a-tu-novia-1848/	200	0.18856 [] []
[2013-09-23 23:54:18] spider.DEBUG: http://videos-chistosos.com.mx/video/la-ciudad-de-los-argentinos-cordobes-1828/	200	0.189535 [] []
[2013-09-23 23:54:18] spider.DEBUG: http://videos-chistosos.com.mx/video/el-perro-volkswagen-1791/	200	0.189172 [] []
[2013-09-23 23:54:19] spider.DEBUG: http://videos-chistosos.com.mx/video/patentes-desafortunadas-1759/	200	0.197235 [] []
[2013-09-23 23:54:20] spider.DEBUG: http://videos-chistosos.com.mx/video/el-hombre-perfecto-1686/	200	0.189675 [] []
[2013-09-23 23:54:20] spider.DEBUG: http://videos-chistosos.com.mx/video/los-10-comerciales-mas-divertidos-1525/	200	0.188902 [] []
[2013-09-23 23:54:21] spider.DEBUG: http://videos-chistosos.com.mx/top/publicidad/	200	0.181985 [] []
[2013-09-23 23:54:22] spider.DEBUG: http://videos-chistosos.com.mx/video/salto-desde-un-tejado-1448/	200	0.191959 [] []
[2013-09-23 23:54:23] spider.DEBUG: http://videos-chistosos.com.mx/video/demostracion-de-gimnasia-1443/	200	0.190927 [] []
[2013-09-23 23:54:23] spider.DEBUG: http://videos-chistosos.com.mx/video/salto-de-vallas-fail-1439/	200	0.190321 [] []
[2013-09-23 23:54:24] spider.DEBUG: http://videos-chistosos.com.mx/video/un-salto-y-al-mas-alla-en-skate-1433/	200	0.188608 [] []
[2013-09-23 23:54:25] spider.DEBUG: http://videos-chistosos.com.mx/video/un-salto-muy-alto-y-doloroso-1416/	200	0.190493 [] []
[2013-09-23 23:54:25] spider.DEBUG: http://videos-chistosos.com.mx/video/te-duele-de-solo-verlo-1289/	200	0.190231 [] []
[2013-09-23 23:54:26] spider.DEBUG: http://videos-chistosos.com.mx/video/salto-de-moto-1231/	200	0.188951 [] []
[2013-09-23 23:54:27] spider.DEBUG: http://videos-chistosos.com.mx/video/saltando-papeleras-1152/	200	0.191673 [] []
[2013-09-23 23:54:27] spider.DEBUG: http://videos-chistosos.com.mx/video/salto-en-la-nieve-1081/	200	0.189152 [] []
[2013-09-23 23:54:28] spider.DEBUG: http://videos-chistosos.com.mx/top/saltos/	200	0.18134 [] []
[2013-09-23 23:54:29] spider.DEBUG: http://videos-chistosos.com.mx/video/broma-de-la-estatua-1873/	200	0.189808 [] []
[2013-09-23 23:54:29] spider.DEBUG: http://videos-chistosos.com.mx/video/broma-fantasmal-a-su-novia-1844/	200	0.260409 [] []
[2013-09-23 23:54:30] spider.DEBUG: http://videos-chistosos.com.mx/video/broma-de-susto-al-teniente-1835/	200	0.189354 [] []
[2013-09-23 23:54:31] spider.DEBUG: http://videos-chistosos.com.mx/video/broma-de-terror-el-hombre-lobo-1788/	200	0.188921 [] []
[2013-09-23 23:54:32] spider.DEBUG: http://videos-chistosos.com.mx/video/despertar-a-los-tiros-1757/	200	0.191142 [] []
[2013-09-23 23:54:32] spider.DEBUG: http://videos-chistosos.com.mx/video/bromas-de-miedo-para-despertar-gente-1755/	200	0.189853 [] []
[2013-09-23 23:54:33] spider.DEBUG: http://videos-chistosos.com.mx/video/como-asustar-a-tu-novia-1753/	200	0.188778 [] []
[2013-09-23 23:54:34] spider.DEBUG: http://videos-chistosos.com.mx/video/el-peor-despertar-del-mundo-1729/	200	0.18838 [] []
[2013-09-23 23:54:34] spider.DEBUG: http://videos-chistosos.com.mx/video/te-gustaria-despertar-asi-1724/	200	0.190258 [] []
[2013-09-23 23:54:35] spider.DEBUG: http://videos-chistosos.com.mx/top/sustos/	200	0.181471 [] []
[2013-09-23 23:54:36] spider.DEBUG: http://videos-chistosos.com.mx/video/sustos-divertidos-791/	200	0.189946 [] []
[2013-09-23 23:54:36] spider.DEBUG: http://videos-chistosos.com.mx/video/caidas-entre-mujeres-y-caballos-227/	200	0.19166 [] []
[2013-09-23 23:54:37] spider.DEBUG: http://videos-chistosos.com.mx/video/soplete-casero-1366/	200	0.189653 [] []
[2013-09-23 23:54:38] spider.DEBUG: http://videos-chistosos.com.mx/video/trucos-con-electricidad-342/	200	0.190487 [] []
[2013-09-23 23:54:38] spider.DEBUG: http://videos-chistosos.com.mx/video/truco-para-el-frontflip-813/	200	0.190548 [] []
[2013-09-23 23:54:39] spider.DEBUG: http://videos-chistosos.com.mx/video/saltando-un-auto-958/	200	0.190805 [] []
[2013-09-23 23:54:40] spider.DEBUG: http://videos-chistosos.com.mx/video/los-mejores-golpes-y-caidas-en-motos-394/	200	0.438569 [] []
[2013-09-23 23:54:41] spider.DEBUG: http://videos-chistosos.com.mx/video/pequena-distraccion-1449/	200	0.189777 [] []
[2013-09-23 23:54:41] spider.DEBUG: http://videos-chistosos.com.mx/video/golpes-en-el-gimnasio-357/	200	0.189305 [] []
[2013-09-23 23:54:42] spider.DEBUG: http://videos-chistosos.com.mx/video/fail-en-el-gimnasio-1748/	200	0.188858 [] []
[2013-09-23 23:54:43] spider.DEBUG: http://videos-chistosos.com.mx/video/destreza-moderna-673/	200	0.189825 [] []
[2013-09-23 23:54:43] spider.DEBUG: http://videos-chistosos.com.mx/video/un-baile-muy-peligroso-823/	200	0.191512 [] []
[2013-09-23 23:54:44] spider.DEBUG: http://videos-chistosos.com.mx/video/feliz-cumpleanos-para-ti-135/	200	0.189935 [] []
[2013-09-23 23:54:45] spider.DEBUG: http://videos-chistosos.com.mx/video/bloopers-infernales-1802/	200	0.189509 [] []
[2013-09-23 23:54:45] spider.DEBUG: http://videos-chistosos.com.mx/video/accidente-con-las-palomitas-de-maiz-1561/	200	0.189285 [] []
[2013-09-23 23:54:46] spider.DEBUG: http://videos-chistosos.com.mx/tag/artistas/	200	0.18054 [] []
[2013-09-23 23:54:47] spider.DEBUG: http://videos-chistosos.com.mx/tag/famosos/	200	0.180483 [] []
[2013-09-23 23:54:48] spider.DEBUG: http://videos-chistosos.com.mx/video/bebes-patinando-506/	200	0.18934 [] []
[2013-09-23 23:54:48] spider.DEBUG: http://videos-chistosos.com.mx/video/incidente-en-un-mundial-907/	200	0.190188 [] []
[2013-09-23 23:54:49] spider.DEBUG: http://videos-chistosos.com.mx/video/caida-por-la-baranda-1083/	200	0.189915 [] []
[2013-09-23 23:54:50] spider.DEBUG: http://videos-chistosos.com.mx/video/no-aprietes-el-boton-verde-1821/	200	0.282671 [] []
[2013-09-23 23:54:50] spider.DEBUG: http://videos-chistosos.com.mx/video/parodia-china-33/	200	0.190504 [] []
[2013-09-23 23:54:51] spider.DEBUG: http://videos-chistosos.com.mx/video/rubia-inteligente-1235/	200	0.188838 [] []
[2013-09-23 23:54:52] spider.DEBUG: http://videos-chistosos.com.mx/video/golpe-de-mascota-732/	200	0.190229 [] []
[2013-09-23 23:54:52] spider.DEBUG: http://videos-chistosos.com.mx/video/gran-acrobacia-919/	200	0.192159 [] []
[2013-09-23 23:54:53] spider.DEBUG: http://videos-chistosos.com.mx/video/muy-grandes-para-juegos-de-ninos-1790/	200	0.189496 [] []
[2013-09-23 23:54:54] spider.DEBUG: http://videos-chistosos.com.mx/video/levitacion-en-vivo-606/	200	0.190011 [] []
[2013-09-23 23:54:54] spider.DEBUG: http://videos-chistosos.com.mx/video/un-despertador-muy-original-962/	200	0.189377 [] []
[2013-09-23 23:54:55] spider.DEBUG: http://videos-chistosos.com.mx/video/del-muerto-y-el-llanto-a-la-fiesta-1544/	200	0.190282 [] []
[2013-09-23 23:54:56] spider.DEBUG: http://videos-chistosos.com.mx/video/bloopers-para-morir-de-la-risa-1854/	200	0.18894 [] []
[2013-09-23 23:54:57] spider.DEBUG: http://videos-chistosos.com.mx/video/los-videos-mas-chistosos-1515/	200	0.190829 [] []
[2013-09-23 23:54:57] spider.DEBUG: http://videos-chistosos.com.mx/video/patinaje-sobre-hielo-caidas-imperdibles-193/	200	0.1897 [] []
[2013-09-23 23:54:58] spider.DEBUG: http://videos-chistosos.com.mx/video/cuidado-con-la-tortuga-1626/	200	0.189023 [] []
[2013-09-23 23:54:59] spider.DEBUG: http://videos-chistosos.com.mx/video/mortal-caida-en-bici-731/	200	0.189836 [] []
[2013-09-23 23:54:59] spider.DEBUG: http://videos-chistosos.com.mx/video/un-detector-de-metal-loco-por-las-mujeres-1602/	200	0.189876 [] []
[2013-09-23 23:55:00] spider.DEBUG: http://videos-chistosos.com.mx/video/bloopers-de-futbol-493/	200	0.189248 [] []
[2013-09-23 23:55:01] spider.DEBUG: http://videos-chistosos.com.mx/video/vuelve-el-heladero-1036/	200	0.189662 [] []
[2013-09-23 23:55:01] spider.DEBUG: http://videos-chistosos.com.mx/video/no-sabe-correrse-1355/	200	0.28923 [] []
[2013-09-23 23:55:02] spider.DEBUG: http://videos-chistosos.com.mx/tag/choques/	200	0.180942 [] []
[2013-09-23 23:55:03] spider.DEBUG: http://videos-chistosos.com.mx/video/puerta-de-cristal-1233/	200	0.188686 [] []
[2013-09-23 23:55:04] spider.DEBUG: http://videos-chistosos.com.mx/video/hombre-congelado-en-una-heladera-1632/	200	0.189755 [] []
[2013-09-23 23:55:04] spider.DEBUG: http://videos-chistosos.com.mx/video/trabajas-tranquilo-en-la-oficina-762/	200	0.194482 [] []
[2013-09-23 23:55:05] spider.DEBUG: http://videos-chistosos.com.mx/video/un-tipo-muy-astuto-1014/	200	0.190226 [] []
[2013-09-23 23:55:06] spider.DEBUG: http://videos-chistosos.com.mx/video/top-10-de-las-miss-universo-mas-tontas-1009/	200	0.190601 [] []
[2013-09-23 23:55:06] spider.DEBUG: http://videos-chistosos.com.mx/video/expectacular-accidente-aereo-347/	200	0.18917 [] []
[2013-09-23 23:55:07] spider.DEBUG: http://videos-chistosos.com.mx/video/los-fails-mas-dolorosos-1292/	200	0.191081 [] []
[2013-09-23 23:55:08] spider.DEBUG: http://videos-chistosos.com.mx/video/ya-no-existen-personas-asi-805/	200	0.190058 [] []
[2013-09-23 23:55:08] spider.DEBUG: http://videos-chistosos.com.mx/video/arriba-las-faldas-657/	200	0.1918 [] []
[2013-09-23 23:55:09] spider.DEBUG: http://videos-chistosos.com.mx/video/prueba-exclusiva-para-curiosos-te-atreves-322/	200	0.190702 [] []
[2013-09-23 23:55:10] spider.DEBUG: http://videos-chistosos.com.mx/video/bloopers-de-motos-1761/	200	0.315699 [] []
[2013-09-23 23:55:11] spider.DEBUG: http://videos-chistosos.com.mx/video/cuidado-con-la-camara-1781/	200	0.189278 [] []
[2013-09-23 23:55:11] spider.DEBUG: http://videos-chistosos.com.mx/video/los-10-mejores-sustos-de-internet-979/	200	0.19124 [] []
[2013-09-23 23:55:12] spider.DEBUG: http://videos-chistosos.com.mx/video/top-10-golpes-en-los-juegos-olimpicos-1765/	200	0.188958 [] []
[2013-09-23 23:55:13] spider.DEBUG: http://videos-chistosos.com.mx/video/asalto-sexy-229/	200	0.189417 [] []
[2013-09-23 23:55:13] spider.DEBUG: http://videos-chistosos.com.mx/video/no-hagas-esto-en-san-valentin-1434/	200	0.190964 [] []
[2013-09-23 23:55:14] spider.DEBUG: http://videos-chistosos.com.mx/video/skater-sobre-el-auto-1024/	200	0.189914 [] []
[2013-09-23 23:55:15] spider.DEBUG: http://videos-chistosos.com.mx/video/evolution-of-dance-42/	200	0.189422 [] []
[2013-09-23 23:55:15] spider.DEBUG: http://videos-chistosos.com.mx/video/maquina-de-gimnasia-1151/	200	0.189795 [] []
[2013-09-23 23:55:16] spider.DEBUG: http://videos-chistosos.com.mx/video/cartero-enojado-1670/	200	0.188233 [] []
[2013-09-23 23:55:17] spider.DEBUG: http://videos-chistosos.com.mx/video/imperdibles-bloopers-con-basureros-1751/	200	0.190418 [] []
[2013-09-23 23:55:17] spider.DEBUG: http://videos-chistosos.com.mx/video/boxeo-peligroso-o-divertido-448/	200	0.191284 [] []
[2013-09-23 23:55:18] spider.DEBUG: http://videos-chistosos.com.mx/video/donde-estan-los-calzoncillos-de-ayer-917/	200	0.309909 [] []
[2013-09-23 23:55:19] spider.DEBUG: http://videos-chistosos.com.mx/video/hombre-vs-ganso-1476/	200	0.192217 [] []
[2013-09-23 23:55:20] spider.DEBUG: http://videos-chistosos.com.mx/video/mesa-de-ping-pong-congelada-705/	200	0.192063 [] []
[2013-09-23 23:55:20] spider.DEBUG: http://videos-chistosos.com.mx/video/camara-oculta-abusador-de-mujeres-286/	200	0.193331 [] []
[2013-09-23 23:55:21] spider.DEBUG: http://videos-chistosos.com.mx/video/abuela-tecno-246/	200	0.195503 [] []
[2013-09-23 23:55:22] spider.DEBUG: http://videos-chistosos.com.mx/video/hoy-puede-ser-un-gran-dia-1373/	200	0.188799 [] []
[2013-09-23 23:55:22] spider.DEBUG: http://videos-chistosos.com.mx/video/el-loco-de-la-guitarra-532/	200	0.192071 [] []
[2013-09-23 23:55:23] spider.DEBUG: http://videos-chistosos.com.mx/video/el-mejor-tv-3d-de-la-historia-1598/	200	0.249072 [] []
[2013-09-23 23:55:24] spider.DEBUG: http://videos-chistosos.com.mx/video/haciendo-el-tarzan-935/	200	0.200743 [] []
[2013-09-23 23:55:24] spider.DEBUG: http://videos-chistosos.com.mx/video/broma-del-ciego-la-manzana-y-el-gusano-1547/	200	0.191031 [] []
[2013-09-23 23:55:25] spider.DEBUG: http://videos-chistosos.com.mx/video/detras-del-cuatriciclo-894/	200	0.189932 [] []
[2013-09-23 23:55:26] spider.DEBUG: http://videos-chistosos.com.mx/video/pertiga-traicionera-1344/	200	0.19383 [] []
[2013-09-23 23:55:27] spider.DEBUG: http://videos-chistosos.com.mx/video/tirarse-al-publico-1220/	200	0.216865 [] []
[2013-09-23 23:55:27] spider.DEBUG: http://videos-chistosos.com.mx/video/ninos-asombrosos-155/	200	0.189677 [] []
[2013-09-23 23:55:28] spider.DEBUG: http://videos-chistosos.com.mx/video/fails-con-camara-propia-1785/	200	0.188997 [] []
[2013-09-23 23:55:29] spider.DEBUG: http://videos-chistosos.com.mx/video/los-mejores-bloopers-1859/	200	0.192597 [] []
[2013-09-23 23:55:29] spider.DEBUG: http://videos-chistosos.com.mx/video/peligro-en-las-calles-mujeres-enojadas-al-volante-130/	200	0.19108 [] []
[2013-09-23 23:55:30] spider.DEBUG: http://videos-chistosos.com.mx/tag/programas/	200	0.1817 [] []
[2013-09-23 23:55:31] spider.DEBUG: http://videos-chistosos.com.mx/tag/tv/	200	0.183156 [] []
[2013-09-23 23:55:31] spider.DEBUG: http://videos-chistosos.com.mx/video/cuidado-con-la-camara-1490/	200	0.189394 [] []
[2013-09-23 23:55:32] spider.DEBUG: http://videos-chistosos.com.mx/video/skater-constante-1105/	200	0.189335 [] []
[2013-09-23 23:55:33] spider.DEBUG: http://videos-chistosos.com.mx/video/el-hombre-mas-rapido-972/	200	0.191447 [] []
[2013-09-23 23:55:33] spider.DEBUG: http://videos-chistosos.com.mx/video/las-10-personas-mas-idiotas-1681/	200	0.1892 [] []
[2013-09-23 23:55:34] spider.DEBUG: http://videos-chistosos.com.mx/video/estrenando-el-columpio-863/	200	0.189391 [] []
[2013-09-23 23:55:35] spider.DEBUG: http://videos-chistosos.com.mx/video/la-pelota-mas-pesada-del-mundo-297/	200	0.190576 [] []
[2013-09-23 23:55:35] spider.DEBUG: http://videos-chistosos.com.mx/tag/bebidas/	200	0.180391 [] []
[2013-09-23 23:55:36] spider.DEBUG: http://videos-chistosos.com.mx/video/idiotas-al-volante-653/	200	0.189534 [] []
[2013-09-23 23:55:37] spider.DEBUG: http://videos-chistosos.com.mx/video/dos-mujeres-idiotas-820/	200	0.190235 [] []
[2013-09-23 23:55:38] spider.DEBUG: http://videos-chistosos.com.mx/video/papa-noel-ya-llego-1026/	200	0.194585 [] []
[2013-09-23 23:55:38] spider.DEBUG: http://videos-chistosos.com.mx/video/sabes-andar-en-monociclo-802/	200	0.192016 [] []
[2013-09-23 23:55:39] spider.DEBUG: http://videos-chistosos.com.mx/video/100-caidas-en-moto-1457/	200	0.188509 [] []
[2013-09-23 23:55:40] spider.DEBUG: http://videos-chistosos.com.mx/video/intento-de-parkour-778/	200	0.189784 [] []
[2013-09-23 23:55:40] spider.DEBUG: http://videos-chistosos.com.mx/video/cohetes-por-atras-1143/	200	0.189752 [] []
[2013-09-23 23:55:41] spider.DEBUG: http://videos-chistosos.com.mx/video/caras-chistosas-en-parques-de-diversiones-794/	200	0.189994 [] []
[2013-09-23 23:55:42] spider.DEBUG: http://videos-chistosos.com.mx/video/un-japones-pierde-la-cabeza-391/	200	0.189581 [] []
[2013-09-23 23:55:42] spider.DEBUG: http://videos-chistosos.com.mx/video/catapulta-casera-899/	200	0.190356 [] []
[2013-09-23 23:55:43] spider.DEBUG: http://videos-chistosos.com.mx/video/error-o-venganza-729/	200	0.188738 [] []
[2013-09-23 23:55:44] spider.DEBUG: http://videos-chistosos.com.mx/video/conociste-algun-nino-asi-de-travieso-535/	200	0.188784 [] []
[2013-09-23 23:55:44] spider.DEBUG: http://videos-chistosos.com.mx/video/piloto-bromista-882/	200	0.190505 [] []
[2013-09-23 23:55:45] spider.DEBUG: http://videos-chistosos.com.mx/video/barman-muy-habilidoso-948/	200	0.193298 [] []
[2013-09-23 23:55:46] spider.DEBUG: http://videos-chistosos.com.mx/video/broma-del-gorila-que-orina-1497/	200	0.19268 [] []
[2013-09-23 23:55:46] spider.DEBUG: http://videos-chistosos.com.mx/video/los-milagros-del-maquillaje-225/	200	0.190154 [] []
[2013-09-23 23:55:47] spider.DEBUG: http://videos-chistosos.com.mx/video/el-gran-eructo-de-cameron-diaz-446/	200	0.1914 [] []
[2013-09-23 23:55:48] spider.DEBUG: http://videos-chistosos.com.mx/video/golpes-duros-55/	200	0.18933 [] []
[2013-09-23 23:55:48] spider.DEBUG: http://videos-chistosos.com.mx/video/accidente-con-un-arma-antigua-1664/	200	0.190526 [] []
[2013-09-23 23:55:49] spider.DEBUG: http://videos-chistosos.com.mx/video/golpes-duros-y-graciosos-1810/	200	0.193018 [] []
[2013-09-23 23:55:50] spider.DEBUG: http://videos-chistosos.com.mx/video/batea-esto-si-puedes-824/	200	0.191112 [] []
[2013-09-23 23:55:51] spider.DEBUG: http://videos-chistosos.com.mx/video/cuidado-con-la-explosion-1694/	200	0.189693 [] []
[2013-09-23 23:55:51] spider.DEBUG: http://videos-chistosos.com.mx/video/una-broma-muy-asquerosa-1735/	200	0.188782 [] []
[2013-09-23 23:55:52] spider.DEBUG: http://videos-chistosos.com.mx/video/accidente-de-fan-1052/	200	0.187923 [] []
[2013-09-23 23:55:53] spider.DEBUG: http://videos-chistosos.com.mx/video/abuela-enojada-1866/	200	0.189635 [] []
[2013-09-23 23:55:53] spider.DEBUG: http://videos-chistosos.com.mx/video/el-peor-mecanico-del-mundo-1666/	200	0.189404 [] []
[2013-09-23 23:55:54] spider.DEBUG: http://videos-chistosos.com.mx/video/un-calculo-fatal-1760/	200	0.189394 [] []
[2013-09-23 23:55:55] spider.DEBUG: http://videos-chistosos.com.mx/video/la-risa-es-contagiosa-1813/	200	0.189614 [] []
[2013-09-23 23:55:55] spider.DEBUG: http://videos-chistosos.com.mx/video/excavadora-wtf-1045/	200	0.19017 [] []
[2013-09-23 23:55:56] spider.DEBUG: http://videos-chistosos.com.mx/video/se-salvo-de-milagro-1343/	200	0.188663 [] []
[2013-09-23 23:55:57] spider.DEBUG: http://videos-chistosos.com.mx/video/para-reir-sin-parar-1334/	200	0.189972 [] []
[2013-09-23 23:55:57] spider.DEBUG: http://videos-chistosos.com.mx/video/necesitas-lentes-90/	200	0.18876 [] []
[2013-09-23 23:55:58] spider.DEBUG: http://videos-chistosos.com.mx/video/consecuencias-de-abrigarse-demasiado-1492/	200	0.19158 [] []
[2013-09-23 23:55:59] spider.DEBUG: http://videos-chistosos.com.mx/tag/imitaciones/	200	0.182195 [] []
[2013-09-23 23:55:59] spider.DEBUG: http://videos-chistosos.com.mx/video/un-espermatozoide-de-puro-amor-73/	200	0.193258 [] []
[2013-09-23 23:56:00] spider.DEBUG: http://videos-chistosos.com.mx/video/como-no-conquistar-a-una-mujer-269/	200	0.188657 [] []
[2013-09-23 23:56:01] spider.DEBUG: http://videos-chistosos.com.mx/video/el-pene-mas-grande-del-mundo-107/	200	0.190939 [] []
[2013-09-23 23:56:01] spider.DEBUG: http://videos-chistosos.com.mx/video/atraccion-en-el-parque-de-diversiones-896/	200	0.189716 [] []
[2013-09-23 23:56:02] spider.DEBUG: http://videos-chistosos.com.mx/video/publicidades-para-no-parar-de-reir-366/	200	0.198972 [] []
[2013-09-23 23:56:03] spider.DEBUG: http://videos-chistosos.com.mx/video/yo-soy-rebelde-y-tu-76/	200	0.189788 [] []
[2013-09-23 23:56:04] spider.DEBUG: http://videos-chistosos.com.mx/video/gato-burlon-808/	200	0.190356 [] []
[2013-09-23 23:56:04] spider.DEBUG: http://videos-chistosos.com.mx/video/loca-explosion-en-el-estacionamiento-1743/	200	0.191227 [] []
[2013-09-23 23:56:05] spider.DEBUG: http://videos-chistosos.com.mx/video/odisea-con-el-acne-240/	200	0.189653 [] []
[2013-09-23 23:56:06] spider.DEBUG: http://videos-chistosos.com.mx/video/el-nuevo-superman-1442/	200	0.188678 [] []
[2013-09-23 23:56:06] spider.DEBUG: http://videos-chistosos.com.mx/video/longboards-fails-1814/	200	0.189525 [] []
[2013-09-23 23:56:07] spider.DEBUG: http://videos-chistosos.com.mx/video/caca-de-perro-instantanea-1614/	200	0.189366 [] []
[2013-09-23 23:56:08] spider.DEBUG: http://videos-chistosos.com.mx/video/pequeno-pero-como-baila-369/	200	0.192351 [] []
[2013-09-23 23:56:08] spider.DEBUG: http://videos-chistosos.com.mx/video/tener-sexo-en-un-lugar-asi-106/	200	0.189861 [] []
[2013-09-23 23:56:09] spider.DEBUG: http://videos-chistosos.com.mx/video/dos-chicas-colgadas-1015/	200	0.189852 [] []
[2013-09-23 23:56:10] spider.DEBUG: http://videos-chistosos.com.mx/video/japones-dormilon-641/	200	0.190468 [] []
[2013-09-23 23:56:10] spider.DEBUG: http://videos-chistosos.com.mx/video/golpes-e-imagenes-divertidas-961/	200	0.189526 [] []
[2013-09-23 23:56:11] spider.DEBUG: http://videos-chistosos.com.mx/video/7-perros-que-hablan-324/	200	0.189753 [] []
[2013-09-23 23:56:12] spider.DEBUG: http://videos-chistosos.com.mx/video/doble-fail-en-el-aeropuerto-1111/	200	0.189865 [] []
[2013-09-23 23:56:12] spider.DEBUG: http://videos-chistosos.com.mx/video/caidas-para-todos-los-gustos-478/	200	0.195779 [] []
[2013-09-23 23:56:13] spider.DEBUG: http://videos-chistosos.com.mx/tag/personas/	200	0.180084 [] []
[2013-09-23 23:56:14] spider.DEBUG: http://videos-chistosos.com.mx/video/el-chico-bamboleo-891/	200	0.189838 [] []
[2013-09-23 23:56:14] spider.DEBUG: http://videos-chistosos.com.mx/video/un-nino-de-terror-548/	200	0.190491 [] []
[2013-09-23 23:56:15] spider.DEBUG: http://videos-chistosos.com.mx/video/explosion-en-la-escuela-de-manejo-1605/	200	0.190939 [] []
[2013-09-23 23:56:16] spider.DEBUG: http://videos-chistosos.com.mx/video/todo-por-un-sueno-170/	200	0.197117 [] []
[2013-09-23 23:56:17] spider.DEBUG: http://videos-chistosos.com.mx/video/el-cafe-magico-1625/	200	0.18919 [] []
[2013-09-23 23:56:17] spider.DEBUG: http://videos-chistosos.com.mx/video/imagenes-muy-graciosas-773/	200	0.191444 [] []
[2013-09-23 23:56:18] spider.DEBUG: http://videos-chistosos.com.mx/video/los-bomberos-mas-raros-del-mundo-1661/	200	0.191479 [] []
[2013-09-23 23:56:19] spider.DEBUG: http://videos-chistosos.com.mx/video/abuelo-bailando-lady-gaga-1300/	200	0.200137 [] []
[2013-09-23 23:56:19] spider.DEBUG: http://videos-chistosos.com.mx/video/broma-al-mecanico-903/	200	0.189875 [] []
[2013-09-23 23:56:20] spider.DEBUG: http://videos-chistosos.com.mx/video/el-ataque-de-la-sombrilla-1744/	200	0.190239 [] []
[2013-09-23 23:56:21] spider.DEBUG: http://videos-chistosos.com.mx/video/mujer-se-bana-en-publico-1795/	200	0.189407 [] []
[2013-09-23 23:56:21] spider.DEBUG: http://videos-chistosos.com.mx/video/version-moderna-de-ymca-por-pat-y-stanley-188/	200	0.189758 [] []
[2013-09-23 23:56:22] spider.DEBUG: http://videos-chistosos.com.mx/video/explosion-en-la-fotocopiadora-1684/	200	0.188996 [] []
[2013-09-23 23:56:23] spider.DEBUG: http://videos-chistosos.com.mx/video/las-peores-audiciones-de-american-idol-1189/	200	0.18894 [] []
[2013-09-23 23:56:23] spider.DEBUG: http://videos-chistosos.com.mx/video/el-hombre-mas-rapido-247/	200	0.204711 [] []
[2013-09-23 23:56:24] spider.DEBUG: http://videos-chistosos.com.mx/video/gran-presentacion-1010/	200	0.189578 [] []
[2013-09-23 23:56:25] spider.DEBUG: http://videos-chistosos.com.mx/video/electrocutado-en-vivo-323/	200	0.188794 [] []
[2013-09-23 23:56:25] spider.DEBUG: http://videos-chistosos.com.mx/video/los-mejores-golpes-en-la-cara-1787/	200	0.191796 [] []
[2013-09-23 23:56:26] spider.DEBUG: http://videos-chistosos.com.mx/video/caida-a-lo-tarzan-1811/	200	0.19035 [] []
[2013-09-23 23:56:27] spider.DEBUG: http://videos-chistosos.com.mx/tag/wtf/	200	0.180185 [] []
[2013-09-23 23:56:28] spider.DEBUG: http://videos-chistosos.com.mx/video/guerra-de-telefonos-494/	200	0.189484 [] []
[2013-09-23 23:56:28] spider.DEBUG: http://videos-chistosos.com.mx/video/cuidado-con-el-novio-554/	200	0.190159 [] []
[2013-09-23 23:56:29] spider.DEBUG: http://videos-chistosos.com.mx/video/por-debajo-de-la-mesa-1609/	200	0.189841 [] []
[2013-09-23 23:56:30] spider.DEBUG: http://videos-chistosos.com.mx/video/mujer-loca-destruye-todo-el-alcohol-828/	200	0.19019 [] []
[2013-09-23 23:56:30] spider.DEBUG: http://videos-chistosos.com.mx/video/las-porristas-mas-lindas-y-las-mejores-orquestas-79/	200	0.189235 [] []
[2013-09-23 23:56:31] spider.DEBUG: http://videos-chistosos.com.mx/video/dando-vueltas-y-vueltas-1080/	200	0.189508 [] []
[2013-09-23 23:56:32] spider.DEBUG: http://videos-chistosos.com.mx/video/manguera-ataca-a-humanos-648/	200	0.191522 [] []
[2013-09-23 23:56:32] spider.DEBUG: http://videos-chistosos.com.mx/video/chico-vs-contenedor-1088/	200	0.190982 [] []
[2013-09-23 23:56:33] spider.DEBUG: http://videos-chistosos.com.mx/video/salto-desde-el-techo-706/	200	0.190413 [] []
[2013-09-23 23:56:34] spider.DEBUG: http://videos-chistosos.com.mx/video/un-mono-muy-bromista-428/	200	0.190119 [] []
[2013-09-23 23:56:34] spider.DEBUG: http://videos-chistosos.com.mx/video/el-susto-del-panda-579/	200	0.192316 [] []
[2013-09-23 23:56:35] spider.DEBUG: http://videos-chistosos.com.mx/video/sentirse-sexy-169/	200	0.190936 [] []
[2013-09-23 23:56:36] spider.DEBUG: http://videos-chistosos.com.mx/video/caidas-de-bebes-para-no-parar-de-reir-390/	200	0.190302 [] []
[2013-09-23 23:56:37] spider.DEBUG: http://videos-chistosos.com.mx/video/los-bailarines-sexys-del-momento-669/	200	0.189457 [] []
[2013-09-23 23:56:37] spider.DEBUG: http://videos-chistosos.com.mx/video/camara-oculta-japonesa-masajes-falsos-147/	200	0.190166 [] []
[2013-09-23 23:56:38] spider.DEBUG: http://videos-chistosos.com.mx/video/trata-de-no-reirte-751/	200	0.195043 [] []
[2013-09-23 23:56:39] spider.DEBUG: http://videos-chistosos.com.mx/video/sabes-distinguir-entre-176/	200	0.18953 [] []
[2013-09-23 23:56:39] spider.DEBUG: http://videos-chistosos.com.mx/video/broma-del-asesino-en-la-tienda-1823/	200	0.189217 [] []
[2013-09-23 23:56:40] spider.DEBUG: http://videos-chistosos.com.mx/video/no-lleves-el-control-de-wii-al-bano-1087/	200	0.189327 [] []
[2013-09-23 23:56:41] spider.DEBUG: http://videos-chistosos.com.mx/video/las-mujeres-y-el-skate-964/	200	0.192075 [] []
[2013-09-23 23:56:41] spider.DEBUG: http://videos-chistosos.com.mx/video/vamos-por-la-pelota-1118/	200	0.196005 [] []
[2013-09-23 23:56:42] spider.DEBUG: http://videos-chistosos.com.mx/video/saltando-la-red-779/	200	0.191642 [] []
[2013-09-23 23:56:43] spider.DEBUG: http://videos-chistosos.com.mx/video/le-darias-lo-que-sea-a-jennifer-aniston-178/	200	0.19268 [] []
[2013-09-23 23:56:43] spider.DEBUG: http://videos-chistosos.com.mx/video/truquitos-con-la-bici-1056/	200	0.190018 [] []
[2013-09-23 23:56:44] spider.DEBUG: http://videos-chistosos.com.mx/video/broma-del-dentista-1774/	200	0.190808 [] []
[2013-09-23 23:56:45] spider.DEBUG: http://videos-chistosos.com.mx/video/salto-fallido-al-auto-1290/	200	0.189109 [] []
[2013-09-23 23:56:45] spider.DEBUG: http://videos-chistosos.com.mx/video/caida-en-el-tobogan-de-agua-1458/	200	0.192589 [] []
[2013-09-23 23:56:46] spider.DEBUG: http://videos-chistosos.com.mx/video/100-caidas-divertidas-1193/	200	0.189227 [] []
[2013-09-23 23:56:47] spider.DEBUG: http://videos-chistosos.com.mx/video/diversion-en-camara-lenta-50/	200	0.190658 [] []
[2013-09-23 23:56:47] spider.DEBUG: http://videos-chistosos.com.mx/video/anuncio-antipirateria-censurado-120/	200	0.192006 [] []
[2013-09-23 23:56:48] spider.DEBUG: http://videos-chistosos.com.mx/video/consecuencias-de-tomar-cerveza-1770/	200	0.189363 [] []
[2013-09-23 23:56:49] spider.DEBUG: http://videos-chistosos.com.mx/video/porque-los-hombres-son-tan-despistados-511/	200	0.191266 [] []
[2013-09-23 23:56:50] spider.DEBUG: http://videos-chistosos.com.mx/video/cuidado-con-la-gotera-1649/	200	0.189788 [] []
[2013-09-23 23:56:50] spider.DEBUG: http://videos-chistosos.com.mx/video/escaleras-vs-karma-1013/	200	0.189931 [] []
[2013-09-23 23:56:51] spider.DEBUG: http://videos-chistosos.com.mx/video/susto-en-el-bano-1142/	200	0.189876 [] []
[2013-09-23 23:56:52] spider.DEBUG: http://videos-chistosos.com.mx/video/aprendiendo-a-bucear-713/	200	0.18937 [] []
[2013-09-23 23:56:52] spider.DEBUG: http://videos-chistosos.com.mx/video/imitando-a-un-bebe-1192/	200	0.190167 [] []
[2013-09-23 23:56:53] spider.DEBUG: http://videos-chistosos.com.mx/video/y-si-las-mujeres-funcionaran-con-office-xp-121/	200	0.189692 [] []
[2013-09-23 23:56:54] spider.DEBUG: http://videos-chistosos.com.mx/video/broma-de-la-estatua-viviente-1713/	200	0.189718 [] []
[2013-09-23 23:56:54] spider.DEBUG: http://videos-chistosos.com.mx/video/un-borracho-muy-particular-938/	200	0.189163 [] []
[2013-09-23 23:56:55] spider.DEBUG: http://videos-chistosos.com.mx/video/atascados-881/	200	0.190772 [] []
[2013-09-23 23:56:56] spider.DEBUG: http://videos-chistosos.com.mx/video/una-mosca-en-la-sopa-1549/	200	0.18945 [] []
[2013-09-23 23:56:56] spider.DEBUG: http://videos-chistosos.com.mx/video/truco-para-guardar-el-cuatriciclo-830/	200	0.189874 [] []
[2013-09-23 23:56:57] spider.DEBUG: http://videos-chistosos.com.mx/video/dolor-muy-doloroso-1039/	200	0.189989 [] []
[2013-09-23 23:56:58] spider.DEBUG: http://videos-chistosos.com.mx/video/los-mejores-bloopers-de-la-tv-en-vivo-681/	200	0.190012 [] []
[2013-09-23 23:56:58] spider.DEBUG: http://videos-chistosos.com.mx/video/triple-frontflip-875/	200	0.190037 [] []
[2013-09-23 23:56:59] spider.DEBUG: http://videos-chistosos.com.mx/video/bloopers-en-el-agua-1820/	200	0.189591 [] []
[2013-09-23 23:57:00] spider.DEBUG: http://videos-chistosos.com.mx/video/razones-para-ordenar-la-cocina-1747/	200	0.189209 [] []
[2013-09-23 23:57:00] spider.DEBUG: http://videos-chistosos.com.mx/video/mujeres-japonesas-muy-sexies-406/	200	0.190412 [] []
[2013-09-23 23:57:01] spider.DEBUG: http://videos-chistosos.com.mx/video/desliz-en-el-cano-1330/	200	0.189471 [] []
[2013-09-23 23:57:02] spider.DEBUG: http://videos-chistosos.com.mx/video/la-locura-no-tiene-limites-733/	200	0.189652 [] []
[2013-09-23 23:57:03] spider.DEBUG: http://videos-chistosos.com.mx/video/la-television-del-futuro-1117/	200	0.189583 [] []
[2013-09-23 23:57:03] spider.DEBUG: http://videos-chistosos.com.mx/video/atencion-truco-peligroso-902/	200	0.190185 [] []
[2013-09-23 23:57:04] spider.DEBUG: http://videos-chistosos.com.mx/video/caidas-en-la-tercera-edad-577/	200	0.190561 [] []
[2013-09-23 23:57:05] spider.DEBUG: http://videos-chistosos.com.mx/video/las-mejores-bromas-con-aranas-1357/	200	0.188786 [] []
[2013-09-23 23:57:05] spider.DEBUG: http://videos-chistosos.com.mx/video/una-risa-contagiosa-y-muy-rara-1536/	200	0.191766 [] []
[2013-09-23 23:57:06] spider.DEBUG: http://videos-chistosos.com.mx/video/salto-mortal-en-moto-594/	200	0.190759 [] []
[2013-09-23 23:57:07] spider.DEBUG: http://videos-chistosos.com.mx/video/como-preparar-la-cena-de-navidad-666/	200	0.190065 [] []
[2013-09-23 23:57:07] spider.DEBUG: http://videos-chistosos.com.mx/video/que-harias-si-te-cambian-el-color-del-pelo-1570/	200	0.191661 [] []
[2013-09-23 23:57:08] spider.DEBUG: http://videos-chistosos.com.mx/video/golpe-en-la-pista-de-salto-1805/	200	0.190279 [] []
[2013-09-23 23:57:09] spider.DEBUG: http://videos-chistosos.com.mx/video/la-camioneta-fantasma-1505/	200	0.190033 [] []
[2013-09-23 23:57:09] spider.DEBUG: http://videos-chistosos.com.mx/video/3-minutos-de-caidas-inolvidables-628/	200	0.190654 [] []
[2013-09-23 23:57:10] spider.DEBUG: http://videos-chistosos.com.mx/video/ganas-de-molestar-1138/	200	0.189042 [] []
[2013-09-23 23:57:11] spider.DEBUG: http://videos-chistosos.com.mx/video/ataque-de-pavos-595/	200	0.190673 [] []
[2013-09-23 23:57:11] spider.DEBUG: http://videos-chistosos.com.mx/video/hola-soy-german-las-peliculas-1862/	200	0.189949 [] []
[2013-09-23 23:57:12] spider.DEBUG: http://videos-chistosos.com.mx/video/de-todo-para-reir-363/	200	0.190719 [] []
[2013-09-23 23:57:13] spider.DEBUG: http://videos-chistosos.com.mx/video/cadas-y-fails-en-la-nieve-1468/	200	0.188726 [] []
[2013-09-23 23:57:14] spider.DEBUG: http://videos-chistosos.com.mx/video/atentado-con-maletin-bomba-211/	200	0.19011 [] []
[2013-09-23 23:57:14] spider.DEBUG: http://videos-chistosos.com.mx/video/broma-de-muerte-pesada-1749/	200	0.203852 [] []
[2013-09-23 23:57:15] spider.DEBUG: http://videos-chistosos.com.mx/video/porque-las-mujeres-son-tan-torpes-498/	200	0.190218 [] []
[2013-09-23 23:57:16] spider.DEBUG: http://videos-chistosos.com.mx/video/experto-en-breakdance-838/	200	0.190114 [] []
[2013-09-23 23:57:16] spider.DEBUG: http://videos-chistosos.com.mx/video/mejores-amigos-parte-3-29/	200	0.190286 [] []
[2013-09-23 23:57:17] spider.DEBUG: http://videos-chistosos.com.mx/video/golpe-con-zancos-1390/	200	0.189136 [] []
[2013-09-23 23:57:18] spider.DEBUG: http://videos-chistosos.com.mx/video/voltereta-en-arena-998/	200	0.190046 [] []
[2013-09-23 23:57:18] spider.DEBUG: http://videos-chistosos.com.mx/video/esqueleto-heavy-metal-470/	200	0.189107 [] []
[2013-09-23 23:57:19] spider.DEBUG: http://videos-chistosos.com.mx/video/por-que-los-perros-son-nuestros-mejores-amigos-1161/	200	0.189282 [] []
[2013-09-23 23:57:20] spider.DEBUG: http://videos-chistosos.com.mx/video/choca-esos-cinco-1027/	200	0.189292 [] []
[2013-09-23 23:57:20] spider.DEBUG: http://videos-chistosos.com.mx/video/catapulta-humana-985/	200	0.190112 [] []
[2013-09-23 23:57:21] spider.DEBUG: http://videos-chistosos.com.mx/video/cuidado-con-el-cybersexo-143/	200	0.194176 [] []
[2013-09-23 23:57:22] spider.DEBUG: http://videos-chistosos.com.mx/video/los-mejores-bloopers-de-periodistas-742/	200	0.18934 [] []
[2013-09-23 23:57:22] spider.DEBUG: http://videos-chistosos.com.mx/video/bloopers-de-bebes-793/	200	0.190712 [] []
[2013-09-23 23:57:23] spider.DEBUG: http://videos-chistosos.com.mx/video/basket-fails-942/	200	0.188867 [] []
[2013-09-23 23:57:24] spider.DEBUG: http://videos-chistosos.com.mx/video/tiro-a-los-huevos-1773/	200	0.190173 [] []
[2013-09-23 23:57:24] spider.DEBUG: http://videos-chistosos.com.mx/video/bano-muy-publico-1615/	200	0.188971 [] []
[2013-09-23 23:57:25] spider.DEBUG: http://videos-chistosos.com.mx/video/invento-para-los-mas-vagos-152/	200	0.188813 [] []
[2013-09-23 23:57:26] spider.DEBUG: http://videos-chistosos.com.mx/video/caidas-imperdibles-de-borrachos-399/	200	0.191509 [] []
[2013-09-23 23:57:27] spider.DEBUG: http://videos-chistosos.com.mx/video/descubre-lo-que-hacen-los-hombres-en-el-bano-212/	200	0.189585 [] []
[2013-09-23 23:57:27] spider.DEBUG: http://videos-chistosos.com.mx/video/los-bloopers-mas-dolorosos-y-graciosos-1303/	200	0.188669 [] []
[2013-09-23 23:57:28] spider.DEBUG: http://videos-chistosos.com.mx/video/salto-extrano-con-skate-1030/	200	0.188248 [] []
[2013-09-23 23:57:29] spider.DEBUG: http://videos-chistosos.com.mx/video/demostracion-de-backflip-950/	200	0.191123 [] []
[2013-09-23 23:57:29] spider.DEBUG: http://videos-chistosos.com.mx/video/un-mesero-muy-excitado-435/	200	0.18958 [] []
[2013-09-23 23:57:30] spider.DEBUG: http://videos-chistosos.com.mx/video/sosten-para-envidiar-206/	200	0.192297 [] []
[2013-09-23 23:57:31] spider.DEBUG: http://videos-chistosos.com.mx/video/apretando-fuerte-955/	200	0.189123 [] []
[2013-09-23 23:57:31] spider.DEBUG: http://videos-chistosos.com.mx/tag/skate/	200	0.180641 [] []
[2013-09-23 23:57:32] spider.DEBUG: http://videos-chistosos.com.mx/video/te-atreves-197/	200	0.189469 [] []
[2013-09-23 23:57:33] spider.DEBUG: http://videos-chistosos.com.mx/video/broma-en-las-duchas-agua-o--128/	200	0.190448 [] []
[2013-09-23 23:57:33] spider.DEBUG: http://videos-chistosos.com.mx/video/el-verdadero-mario-bros-509/	200	0.191539 [] []
[2013-09-23 23:57:34] spider.DEBUG: http://videos-chistosos.com.mx/video/el-chico-tonto-de-la-bicicleta-1136/	200	0.190366 [] []
[2013-09-23 23:57:35] spider.DEBUG: http://videos-chistosos.com.mx/video/su-nuevo-scooter-1267/	200	0.190169 [] []
[2013-09-23 23:57:35] spider.DEBUG: http://videos-chistosos.com.mx/video/facebook-en-la-vida-real-317/	200	0.189978 [] []
[2013-09-23 23:57:36] spider.DEBUG: http://videos-chistosos.com.mx/video/scary-movie-7/	200	0.19002 [] []
[2013-09-23 23:57:37] spider.DEBUG: http://videos-chistosos.com.mx/tag/animacion/	200	0.180833 [] []
[2013-09-23 23:57:37] spider.DEBUG: http://videos-chistosos.com.mx/tag/animaciones/	200	0.180521 [] []
[2013-09-23 23:57:38] spider.DEBUG: http://videos-chistosos.com.mx/tag/dibujos/	200	0.181127 [] []
[2013-09-23 23:57:39] spider.DEBUG: http://videos-chistosos.com.mx/video/cruzando-el-rio-1165/	200	0.189996 [] []
[2013-09-23 23:57:40] spider.DEBUG: http://videos-chistosos.com.mx/video/modelos-te-invitan-a-la-cama-de-agua-302/	200	0.190103 [] []
[2013-09-23 23:57:40] spider.DEBUG: http://videos-chistosos.com.mx/video/susto-en-la-siesta-1349/	200	0.18858 [] []
[2013-09-23 23:57:41] spider.DEBUG: http://videos-chistosos.com.mx/video/hombres-todos-asi-de-tontos-65/	200	0.189736 [] []
[2013-09-23 23:57:42] spider.DEBUG: http://videos-chistosos.com.mx/video/muerte-en-el-supermercado-105/	200	0.189577 [] []
[2013-09-23 23:57:42] spider.DEBUG: http://videos-chistosos.com.mx/video/como-dispara-un-arma-una-mujer-677/	200	0.190128 [] []
[2013-09-23 23:57:43] spider.DEBUG: http://videos-chistosos.com.mx/video/fotografias-eroticas-300/	200	0.188799 [] []
[2013-09-23 23:57:44] spider.DEBUG: http://videos-chistosos.com.mx/video/el-aro-una-pelicula-de-miedo-100/	200	0.189979 [] []
[2013-09-23 23:57:44] spider.DEBUG: http://videos-chistosos.com.mx/video/el-limpiavidrios-mas-hot-150/	200	0.18956 [] []
[2013-09-23 23:57:45] spider.DEBUG: http://videos-chistosos.com.mx/video/caida-con-sorpresa-1020/	200	0.190087 [] []
[2013-09-23 23:57:46] spider.DEBUG: http://videos-chistosos.com.mx/video/carrera-peligrosa-1157/	200	0.189165 [] []
[2013-09-23 23:57:46] spider.DEBUG: http://videos-chistosos.com.mx/video/ladron-que-le-roba-a-ladron-1704/	200	0.189876 [] []
[2013-09-23 23:57:47] spider.DEBUG: http://videos-chistosos.com.mx/video/super-lengua-883/	200	0.189689 [] []
[2013-09-23 23:57:48] spider.DEBUG: http://videos-chistosos.com.mx/video/olorosa-broma-entre-hermanas-521/	200	0.189559 [] []
[2013-09-23 23:57:48] spider.DEBUG: http://videos-chistosos.com.mx/video/porque-aprender-otro-idioma-160/	200	0.189228 [] []
[2013-09-23 23:57:49] spider.DEBUG: http://videos-chistosos.com.mx/video/bromas-tipicas-97/	200	0.190171 [] []
[2013-09-23 23:57:50] spider.DEBUG: http://videos-chistosos.com.mx/video/gato-relajado-1034/	200	0.191856 [] []
[2013-09-23 23:57:51] spider.DEBUG: http://videos-chistosos.com.mx/video/el-es-mi-esposo-1634/	200	0.189164 [] []
[2013-09-23 23:57:51] spider.DEBUG: http://videos-chistosos.com.mx/video/cuidado-que-mancha-1685/	200	0.188375 [] []
[2013-09-23 23:57:52] spider.DEBUG: http://videos-chistosos.com.mx/video/lo-que-sentis-cuando-te-dicen-solo-seamos-amigos-144/	200	0.18962 [] []
[2013-09-23 23:57:53] spider.DEBUG: http://videos-chistosos.com.mx/video/backflip-vs-pared-990/	200	0.189043 [] []
[2013-09-23 23:57:53] spider.DEBUG: http://videos-chistosos.com.mx/video/mas-bloopers-extremos-547/	200	0.190048 [] []
[2013-09-23 23:57:54] spider.DEBUG: http://videos-chistosos.com.mx/video/necesitas-vacaciones-524/	200	0.190336 [] []
[2013-09-23 23:57:55] spider.DEBUG: http://videos-chistosos.com.mx/video/las-personas-tendederos-1637/	200	0.188804 [] []
[2013-09-23 23:57:55] spider.DEBUG: http://videos-chistosos.com.mx/video/el-primer-amor-164/	200	0.189554 [] []
[2013-09-23 23:57:56] spider.DEBUG: http://videos-chistosos.com.mx/video/el-bano-publico-mas-limpio-y-sexy-232/	200	0.191507 [] []
[2013-09-23 23:57:57] spider.DEBUG: http://videos-chistosos.com.mx/video/cosas-para-no-hacer-si-se-te-congela-el-auto-531/	200	0.190426 [] []
[2013-09-23 23:57:57] spider.DEBUG: http://videos-chistosos.com.mx/video/bromas-de-miedo-1407/	200	0.190992 [] []
[2013-09-23 23:57:58] spider.DEBUG: http://videos-chistosos.com.mx/video/la-mujer-mas-desordenada-256/	200	0.189875 [] []
[2013-09-23 23:57:59] spider.DEBUG: http://videos-chistosos.com.mx/video/la-novia-mas-linda-y-especial-376/	200	0.190063 [] []
[2013-09-23 23:57:59] spider.DEBUG: http://videos-chistosos.com.mx/video/top-10-choques-1819/	200	0.190015 [] []
[2013-09-23 23:58:00] spider.DEBUG: http://videos-chistosos.com.mx/video/la-forma-mas-barata-de-esquiar-1064/	200	0.295199 [] []
[2013-09-23 23:58:01] spider.DEBUG: http://videos-chistosos.com.mx/video/camara-oculta-japonesa-el-vagabundo-mago-429/	200	0.189852 [] []
[2013-09-23 23:58:02] spider.DEBUG: http://videos-chistosos.com.mx/video/tirarse-a-tobogan-sin-agua-699/	200	0.189503 [] []
[2013-09-23 23:58:02] spider.DEBUG: http://videos-chistosos.com.mx/video/golpes-de-lo-que-se-te-ocurra-670/	200	0.191257 [] []
[2013-09-23 23:58:03] spider.DEBUG: http://videos-chistosos.com.mx/video/gimnasia-artistica-solo-golpes-y-caidas-501/	200	0.1911 [] []
[2013-09-23 23:58:04] spider.DEBUG: http://videos-chistosos.com.mx/tag/bicicletas/	200	0.180301 [] []
[2013-09-23 23:58:04] spider.DEBUG: http://videos-chistosos.com.mx/video/espejo-magico-que-no-refleja-275/	200	0.189683 [] []
[2013-09-23 23:58:05] spider.DEBUG: http://videos-chistosos.com.mx/video/golpes-extremos-2-747/	200	0.18992 [] []
[2013-09-23 23:58:06] spider.DEBUG: http://videos-chistosos.com.mx/video/mono-prepara-tragos-771/	200	0.585026 [] []
[2013-09-23 23:58:07] spider.DEBUG: http://videos-chistosos.com.mx/video/con-el-columpio-no-se-jode-1371/	200	0.189807 [] []
[2013-09-23 23:58:08] spider.DEBUG: http://videos-chistosos.com.mx/video/los-bloopers-mas-increibles-y-dolorosos-1807/	200	0.188864 [] []
[2013-09-23 23:58:08] spider.DEBUG: http://videos-chistosos.com.mx/video/un-hombre-dos-mujeres-210/	200	0.188991 [] []
[2013-09-23 23:58:09] spider.DEBUG: http://videos-chistosos.com.mx/video/el-ninja-de-la-oficina-1053/	200	0.189992 [] []
[2013-09-23 23:58:10] spider.DEBUG: http://videos-chistosos.com.mx/video/concurso-japones-unico-en-el-mundo-140/	200	0.19102 [] []
[2013-09-23 23:58:10] spider.DEBUG: http://videos-chistosos.com.mx/video/buena-y-mala-idea-1479/	200	0.344558 [] []
[2013-09-23 23:58:11] spider.DEBUG: http://videos-chistosos.com.mx/video/el-tonto-del-fuego-1038/	200	0.19076 [] []
[2013-09-23 23:58:12] spider.DEBUG: http://videos-chistosos.com.mx/video/has-intentado-nadar-en-el-hielo-581/	200	0.189896 [] []
[2013-09-23 23:58:12] spider.DEBUG: http://videos-chistosos.com.mx/video/el-hamster-mas-rapido-del-mundo-427/	200	0.189625 [] []
[2013-09-23 23:58:13] spider.DEBUG: http://videos-chistosos.com.mx/video/las-primeras-palabras-de-un-bebe-182/	200	0.189863 [] []
[2013-09-23 23:58:14] spider.DEBUG: http://videos-chistosos.com.mx/video/premio-al-mas-tonto-del-ano-503/	200	0.191778 [] []
[2013-09-23 23:58:15] spider.DEBUG: http://videos-chistosos.com.mx/video/iron-man-baby-906/	200	0.189786 [] []
[2013-09-23 23:58:15] spider.DEBUG: http://videos-chistosos.com.mx/video/golpe-al-final-del-autobus-528/	200	0.189837 [] []
[2013-09-23 23:58:16] spider.DEBUG: http://videos-chistosos.com.mx/video/caidas-y-bloopers-de-gimnastas-1870/	200	0.189508 [] []
[2013-09-23 23:58:17] spider.DEBUG: http://videos-chistosos.com.mx/video/periodista-se-queda-dormido-en-vivo-1471/	200	0.18923 [] []
[2013-09-23 23:58:17] spider.DEBUG: http://videos-chistosos.com.mx/video/la-mujer-que-vuela-1691/	200	0.188623 [] []
[2013-09-23 23:58:18] spider.DEBUG: http://videos-chistosos.com.mx/tag/motos/	200	0.181201 [] []
[2013-09-23 23:58:19] spider.DEBUG: http://videos-chistosos.com.mx/video/pescador-51/	200	0.188843 [] []
[2013-09-23 23:58:19] spider.DEBUG: http://videos-chistosos.com.mx/video/el-genio-de-la-patineta-370/	200	0.203795 [] []
[2013-09-23 23:58:20] spider.DEBUG: http://videos-chistosos.com.mx/video/el-gran-tobogan-843/	200	0.19069 [] []
[2013-09-23 23:58:21] spider.DEBUG: http://videos-chistosos.com.mx/video/hasta-que-la-risa-los-separe-1420/	200	0.189617 [] []
[2013-09-23 23:58:21] spider.DEBUG: http://videos-chistosos.com.mx/video/blooper-en-cama-elastica-1722/	200	0.192295 [] []
[2013-09-23 23:58:22] spider.DEBUG: http://videos-chistosos.com.mx/video/backflip-simultaneo-1248/	200	0.190368 [] []
[2013-09-23 23:58:23] spider.DEBUG: http://videos-chistosos.com.mx/tag/accidentes/	200	0.180441 [] []
[2013-09-23 23:58:23] spider.DEBUG: http://videos-chistosos.com.mx/tag/juegos/	200	0.180492 [] []
[2013-09-23 23:58:24] spider.DEBUG: http://videos-chistosos.com.mx/video/nieve-y-mas-nieve-57/	200	0.190032 [] []
[2013-09-23 23:58:25] spider.DEBUG: http://videos-chistosos.com.mx/video/las-6-personas-mas-idiotas-del-planeta-449/	200	0.191021 [] []
[2013-09-23 23:58:26] spider.DEBUG: http://videos-chistosos.com.mx/video/la-multa-mas-rapida-del-planeta-407/	200	0.189447 [] []
[2013-09-23 23:58:26] spider.DEBUG: http://videos-chistosos.com.mx/video/cuidado-con-el-fuego-1808/	200	0.190927 [] []
[2013-09-23 23:58:27] spider.DEBUG: http://videos-chistosos.com.mx/video/el-hombre-que-pierde-los-pantalones-1589/	200	0.189689 [] []
[2013-09-23 23:58:28] spider.DEBUG: http://videos-chistosos.com.mx/video/un-pescado-imita-a-paulina-rubio-659/	200	0.190322 [] []
[2013-09-23 23:58:28] spider.DEBUG: http://videos-chistosos.com.mx/video/casco-con-sorpresa-1673/	200	0.189678 [] []
[2013-09-23 23:58:29] spider.DEBUG: http://videos-chistosos.com.mx/video/salto-del-tigre-253/	200	0.189809 [] []
[2013-09-23 23:58:30] spider.DEBUG: http://videos-chistosos.com.mx/video/fantasia-sexual-con-sorpresa-incluida-230/	200	0.201448 [] []
[2013-09-23 23:58:30] spider.DEBUG: http://videos-chistosos.com.mx/video/los-personajes-de-avatar-ya-existian-709/	200	0.189148 [] []
[2013-09-23 23:58:31] spider.DEBUG: http://videos-chistosos.com.mx/video/la-broma-de-las-ninas-iguales-1557/	200	0.189777 [] []
[2013-09-23 23:58:32] spider.DEBUG: http://videos-chistosos.com.mx/tag/concursos/	200	0.187058 [] []
[2013-09-23 23:58:32] spider.DEBUG: http://videos-chistosos.com.mx/video/una-rana-en-el-plato-de-comida-1597/	200	0.189484 [] []
[2013-09-23 23:58:33] spider.DEBUG: http://videos-chistosos.com.mx/video/primer-hombre-con-cola-del-mundo-334/	200	0.189411 [] []
[2013-09-23 23:58:34] spider.DEBUG: http://videos-chistosos.com.mx/video/salto-de-valla-1271/	200	0.191605 [] []
[2013-09-23 23:58:34] spider.DEBUG: http://videos-chistosos.com.mx/video/tu-usas-el-secador-de-pelo-638/	200	0.190034 [] []
[2013-09-23 23:58:35] spider.DEBUG: http://videos-chistosos.com.mx/video/pedo-%20-estornudo-explosiva-combinacion-690/	200	0.194229 [] []
[2013-09-23 23:58:36] spider.DEBUG: http://videos-chistosos.com.mx/video/cosas-insolitas-939/	200	0.189735 [] []
[2013-09-23 23:58:36] spider.DEBUG: http://videos-chistosos.com.mx/video/explosion-con-helado-754/	200	0.191174 [] []
[2013-09-23 23:58:37] spider.DEBUG: http://videos-chistosos.com.mx/video/competicion-bmx-1054/	200	0.190524 [] []
[2013-09-23 23:58:38] spider.DEBUG: http://videos-chistosos.com.mx/video/broma-de-la-pinata-1500/	200	0.189422 [] []
[2013-09-23 23:58:39] spider.DEBUG: http://videos-chistosos.com.mx/video/bano-de-leche-171/	200	0.189268 [] []
[2013-09-23 23:58:39] spider.DEBUG: http://videos-chistosos.com.mx/video/abuela-baila-tecno-como-nadie-660/	200	0.189708 [] []
[2013-09-23 23:58:40] spider.DEBUG: http://videos-chistosos.com.mx/video/los-peligros-de-la-wii-937/	200	0.188464 [] []
[2013-09-23 23:58:41] spider.DEBUG: http://videos-chistosos.com.mx/video/una-autentica-infidelidad-536/	200	0.19 [] []
[2013-09-23 23:58:41] spider.DEBUG: http://videos-chistosos.com.mx/video/bajando-la-colina-1318/	200	0.208239 [] []
[2013-09-23 23:58:42] spider.DEBUG: http://videos-chistosos.com.mx/video/hoy-cocino-yo-1174/	200	0.189475 [] []
[2013-09-23 23:58:43] spider.DEBUG: http://videos-chistosos.com.mx/video/backflip-con-amigos-1008/	200	0.188812 [] []
[2013-09-23 23:58:43] spider.DEBUG: http://videos-chistosos.com.mx/video/momento-inoportuno-490/	200	0.189438 [] []
[2013-09-23 23:58:44] spider.DEBUG: http://videos-chistosos.com.mx/video/las-mejores-caidas-de-2010-944/	200	0.191456 [] []
[2013-09-23 23:58:45] spider.DEBUG: http://videos-chistosos.com.mx/video/broma-para-hacerle-a-tu-novia-en-san-valentin-1428/	200	0.189966 [] []
[2013-09-23 23:58:45] spider.DEBUG: http://videos-chistosos.com.mx/video/la-monja-y-la-harley-1229/	200	0.189126 [] []
[2013-09-23 23:58:46] spider.DEBUG: http://videos-chistosos.com.mx/video/un-nuevo-movimiento-de-lucha-954/	200	0.1885 [] []
[2013-09-23 23:58:47] spider.DEBUG: http://videos-chistosos.com.mx/video/duna-enganosa-1375/	200	0.189912 [] []
[2013-09-23 23:58:47] spider.DEBUG: http://videos-chistosos.com.mx/tag/canciones/	200	0.181621 [] []
[2013-09-23 23:58:48] spider.DEBUG: http://videos-chistosos.com.mx/video/como-rescatar-un-gato-1057/	200	0.189219 [] []
[2013-09-23 23:58:49] spider.DEBUG: http://videos-chistosos.com.mx/video/mi-nuevo-ventilador-1042/	200	0.189592 [] []
[2013-09-23 23:58:50] spider.DEBUG: http://videos-chistosos.com.mx/video/que-esconde-esa-caja-averigualo-332/	200	0.189801 [] []
[2013-09-23 23:58:50] spider.DEBUG: http://videos-chistosos.com.mx/video/wtf-en-el-concierto-911/	200	0.19369 [] []
[2013-09-23 23:58:51] spider.DEBUG: http://videos-chistosos.com.mx/video/increibles-trasformaciones-362/	200	0.190194 [] []
[2013-09-23 23:58:52] spider.DEBUG: http://videos-chistosos.com.mx/video/cuidado-con-el-agua-que-es-resbalosa-1776/	200	0.188491 [] []
[2013-09-23 23:58:52] spider.DEBUG: http://videos-chistosos.com.mx/video/pera-de-boxeo-836/	200	0.189713 [] []
[2013-09-23 23:58:53] spider.DEBUG: http://videos-chistosos.com.mx/tag/bebes/	200	0.180026 [] []
[2013-09-23 23:58:54] spider.DEBUG: http://videos-chistosos.com.mx/video/un-transplante-de-organos-incorrecto-439/	200	0.189306 [] []
[2013-09-23 23:58:54] spider.DEBUG: http://videos-chistosos.com.mx/video/el-hombre-perfecto-179/	200	0.19016 [] []
[2013-09-23 23:58:55] spider.DEBUG: http://videos-chistosos.com.mx/video/ovejas-electricas-422/	200	0.190355 [] []
[2013-09-23 23:58:56] spider.DEBUG: http://videos-chistosos.com.mx/video/broma-del-brazo-con-yeso-1502/	200	0.190502 [] []
[2013-09-23 23:58:56] spider.DEBUG: http://videos-chistosos.com.mx/video/como-no-aprender-a-patinar-1297/	200	0.190109 [] []
[2013-09-23 23:58:57] spider.DEBUG: http://videos-chistosos.com.mx/video/probando-la-cinta-953/	200	0.189981 [] []
[2013-09-23 23:58:58] spider.DEBUG: http://videos-chistosos.com.mx/video/como-poner-un-condon-298/	200	0.189486 [] []
[2013-09-23 23:58:58] spider.DEBUG: http://videos-chistosos.com.mx/video/sexy-fail-1214/	200	0.189238 [] []
[2013-09-23 23:58:59] spider.DEBUG: http://videos-chistosos.com.mx/video/fails-y-caidas-tremendos-1857/	200	0.189825 [] []
[2013-09-23 23:59:00] spider.DEBUG: http://videos-chistosos.com.mx/tag/borrachos/	200	0.180753 [] []
[2013-09-23 23:59:01] spider.DEBUG: http://videos-chistosos.com.mx/video/doble-caida-dolorosa-921/	200	0.188969 [] []
[2013-09-23 23:59:01] spider.DEBUG: http://videos-chistosos.com.mx/video/mas-publicidades-de-humor-360/	200	0.189081 [] []
[2013-09-23 23:59:02] spider.DEBUG: http://videos-chistosos.com.mx/video/skate-en-escaleras-872/	200	0.189483 [] []
[2013-09-23 23:59:03] spider.DEBUG: http://videos-chistosos.com.mx/video/aprendiendo-a-bailar-19/	200	0.190607 [] []
[2013-09-23 23:59:03] spider.DEBUG: http://videos-chistosos.com.mx/video/bloopers-de-mujeres-1114/	200	0.190498 [] []
[2013-09-23 23:59:04] spider.DEBUG: http://videos-chistosos.com.mx/video/no-puedo-parar-la-moto-932/	200	0.1892 [] []
[2013-09-23 23:59:05] spider.DEBUG: http://videos-chistosos.com.mx/video/pulsarias-el-boton-rojo-1491/	200	0.188733 [] []
[2013-09-23 23:59:05] spider.DEBUG: http://videos-chistosos.com.mx/video/borracho-con-suerte-982/	200	0.189364 [] []
[2013-09-23 23:59:06] spider.DEBUG: http://videos-chistosos.com.mx/video/la-pintura-voladora-1593/	200	0.191431 [] []
[2013-09-23 23:59:07] spider.DEBUG: http://videos-chistosos.com.mx/video/curioso-robo-a-un-banco-530/	200	0.190592 [] []
[2013-09-23 23:59:07] spider.DEBUG: http://videos-chistosos.com.mx/video/belleza-asiatica-103/	200	0.189797 [] []
[2013-09-23 23:59:08] spider.DEBUG: http://videos-chistosos.com.mx/video/broma-de-ancianos-117/	200	0.188958 [] []
[2013-09-23 23:59:09] spider.DEBUG: http://videos-chistosos.com.mx/video/boda-con-detector-de-mentiras-266/	200	0.190065 [] []
[2013-09-23 23:59:09] spider.DEBUG: http://videos-chistosos.com.mx/video/estos-ninos-si-que-te-haran-reir-473/	200	0.191342 [] []
[2013-09-23 23:59:10] spider.DEBUG: http://videos-chistosos.com.mx/video/soplando-vasos-1242/	200	0.190195 [] []
[2013-09-23 23:59:11] spider.DEBUG: http://videos-chistosos.com.mx/video/caidas-1-25/	200	0.189167 [] []
[2013-09-23 23:59:12] spider.DEBUG: http://videos-chistosos.com.mx/video/accidente-con-el-auto-marcha-atras-1581/	200	0.189175 [] []
[2013-09-23 23:59:12] spider.DEBUG: http://videos-chistosos.com.mx/video/saltar-y-encestar-1270/	200	0.192322 [] []
[2013-09-23 23:59:13] spider.DEBUG: http://videos-chistosos.com.mx/video/hilo-dental-en-la-pizza-1676/	200	0.188806 [] []
[2013-09-23 23:59:14] spider.DEBUG: http://videos-chistosos.com.mx/video/muneco-de-nieve-que-asusta-1308/	200	0.190394 [] []
[2013-09-23 23:59:14] spider.DEBUG: http://videos-chistosos.com.mx/video/los-mejores-golpes-del-verano-685/	200	0.189911 [] []
[2013-09-23 23:59:15] spider.DEBUG: http://videos-chistosos.com.mx/video/el-perro-y-el-ascensor-1419/	200	0.189834 [] []
[2013-09-23 23:59:16] spider.DEBUG: http://videos-chistosos.com.mx/video/roller-en-tobogan-1190/	200	0.188625 [] []
[2013-09-23 23:59:16] spider.DEBUG: http://videos-chistosos.com.mx/video/cae-la-economia-cae-el-ministro-976/	200	0.191175 [] []
[2013-09-23 23:59:17] spider.DEBUG: http://videos-chistosos.com.mx/video/frio-golpe-en-los-genitales-730/	200	0.190038 [] []
[2013-09-23 23:59:18] spider.DEBUG: http://videos-chistosos.com.mx/video/la-mirada-de-obama-y-sarkozy-510/	200	0.189729 [] []
[2013-09-23 23:59:18] spider.DEBUG: http://videos-chistosos.com.mx/video/probador-de-cascos-915/	200	0.190235 [] []
[2013-09-23 23:59:19] spider.DEBUG: http://videos-chistosos.com.mx/video/backflip-por-el-pasillo-1077/	200	0.193012 [] []
[2013-09-23 23:59:20] spider.DEBUG: http://videos-chistosos.com.mx/video/cuidado-espacio-solo-para-bicicletas-786/	200	0.190288 [] []
[2013-09-23 23:59:20] spider.DEBUG: http://videos-chistosos.com.mx/video/engano-al-desnudo-444/	200	0.190696 [] []
[2013-09-23 23:59:21] spider.DEBUG: http://videos-chistosos.com.mx/video/camara-oculta-mono-completamente-loco-416/	200	0.194771 [] []
[2013-09-23 23:59:22] spider.DEBUG: http://videos-chistosos.com.mx/video/el-vibrador-mas-fuerte-191/	200	0.191077 [] []
[2013-09-23 23:59:23] spider.DEBUG: http://videos-chistosos.com.mx/video/mas-bromas-en-los-elevadores-1784/	200	0.189787 [] []
[2013-09-23 23:59:23] spider.DEBUG: http://videos-chistosos.com.mx/video/que-tiene-en-la-cabeza-1619/	200	0.190037 [] []
[2013-09-23 23:59:24] spider.DEBUG: http://videos-chistosos.com.mx/video/viagra-el-verdadero-peligro-63/	200	0.189719 [] []
[2013-09-23 23:59:25] spider.DEBUG: http://videos-chistosos.com.mx/video/susto-fatal-en-el-bus-463/	200	0.190141 [] []
[2013-09-23 23:59:25] spider.DEBUG: http://videos-chistosos.com.mx/video/juego-en-familia-1409/	200	0.189751 [] []
[2013-09-23 23:59:26] spider.DEBUG: http://videos-chistosos.com.mx/video/problemas-con-la-manguera-y-el-agua-1578/	200	0.189294 [] []
[2013-09-23 23:59:27] spider.DEBUG: http://videos-chistosos.com.mx/video/como-mojar-en-la-playa-1834/	200	0.190238 [] []
[2013-09-23 23:59:27] spider.DEBUG: http://videos-chistosos.com.mx/video/charla-de-gemelos-1124/	200	0.190255 [] []
[2013-09-23 23:59:28] spider.DEBUG: http://videos-chistosos.com.mx/video/cuidado-ninos-sueltos-4/	200	0.198251 [] []
[2013-09-23 23:59:29] spider.DEBUG: http://videos-chistosos.com.mx/video/el-brazo-robot-futurista-1566/	200	0.189449 [] []
[2013-09-23 23:59:29] spider.DEBUG: http://videos-chistosos.com.mx/video/super-perro-japones-201/	200	0.190238 [] []
[2013-09-23 23:59:30] spider.DEBUG: http://videos-chistosos.com.mx/video/como-pueden-hacerlo-entre-mujeres-1301/	200	0.189097 [] []
[2013-09-23 23:59:31] spider.DEBUG: http://videos-chistosos.com.mx/video/ciega-pero-atrevida-443/	200	0.190333 [] []
[2013-09-23 23:59:31] spider.DEBUG: http://videos-chistosos.com.mx/video/la-maquina-lanza-naranjas-y-botellas-1580/	200	0.190438 [] []
[2013-09-23 23:59:32] spider.DEBUG: http://videos-chistosos.com.mx/video/que-mala-pata-834/	200	0.191872 [] []
[2013-09-23 23:59:33] spider.DEBUG: http://videos-chistosos.com.mx/video/5-pruebas-de-la-inteligencia-humana-598/	200	0.189328 [] []
[2013-09-23 23:59:34] spider.DEBUG: http://videos-chistosos.com.mx/video/el-baile-de-las-vacas-893/	200	0.18958 [] []
[2013-09-23 23:59:34] spider.DEBUG: http://videos-chistosos.com.mx/video/le-venderias-tu-alma-al-diablo-433/	200	0.189816 [] []
[2013-09-23 23:59:35] spider.DEBUG: http://videos-chistosos.com.mx/video/basket-para-aficionados-599/	200	0.18958 [] []
[2013-09-23 23:59:36] spider.DEBUG: http://videos-chistosos.com.mx/video/susto-en-la-siesta-926/	200	0.188813 [] []
[2013-09-23 23:59:36] spider.DEBUG: http://videos-chistosos.com.mx/video/super-susto-con-las-mascaras-1560/	200	0.190322 [] []
[2013-09-23 23:59:37] spider.DEBUG: http://videos-chistosos.com.mx/video/mujeres-lindas-y-feas-1232/	200	0.189488 [] []
[2013-09-23 23:59:38] spider.DEBUG: http://videos-chistosos.com.mx/video/la-aspiradora-humana-313/	200	0.188471 [] []
[2013-09-23 23:59:38] spider.DEBUG: http://videos-chistosos.com.mx/video/patineta-mortal-1780/	200	0.190673 [] []
[2013-09-23 23:59:39] spider.DEBUG: http://videos-chistosos.com.mx/video/las-mejores-bromas-en-el-ascensor-1701/	200	0.191078 [] []
[2013-09-23 23:59:40] spider.DEBUG: http://videos-chistosos.com.mx/video/razones-para-aprender-ingles-351/	200	0.188849 [] []
[2013-09-23 23:59:40] spider.DEBUG: http://videos-chistosos.com.mx/video/el-nuevo-hombre-arana-798/	200	0.190076 [] []
[2013-09-23 23:59:41] spider.DEBUG: http://videos-chistosos.com.mx/video/broma-fantasmal-en-el-ascensor-1697/	200	0.189049 [] []
[2013-09-23 23:59:42] spider.DEBUG: http://videos-chistosos.com.mx/video/rubia-tonta-1236/	200	0.190283 [] []
[2013-09-23 23:59:42] spider.DEBUG: http://videos-chistosos.com.mx/video/gatos-chistosos-2-505/	200	0.190563 [] []
[2013-09-23 23:59:43] spider.DEBUG: http://videos-chistosos.com.mx/video/bronca-telefonica-1212/	200	0.18954 [] []
[2013-09-23 23:59:44] spider.DEBUG: http://videos-chistosos.com.mx/video/el-perro-que-odia-la-nieve-758/	200	0.190947 [] []
[2013-09-23 23:59:44] spider.DEBUG: http://videos-chistosos.com.mx/video/ese-auto-es-tuyo-166/	200	0.1908 [] []
[2013-09-23 23:59:45] spider.DEBUG: http://videos-chistosos.com.mx/video/como-aprender-a-practicar-skate-1109/	200	0.193012 [] []
[2013-09-23 23:59:46] spider.DEBUG: http://videos-chistosos.com.mx/video/donde-esta-el-gatito-1028/	200	0.190013 [] []
[2013-09-23 23:59:47] spider.DEBUG: http://videos-chistosos.com.mx/top/gatos/	200	0.180485 [] []
[2013-09-23 23:59:47] spider.DEBUG: http://videos-chistosos.com.mx/video/el-hombre-rompebotellas-588/	200	0.191295 [] []
[2013-09-23 23:59:48] spider.DEBUG: http://videos-chistosos.com.mx/video/broma-de-la-cuchara-797/	200	0.189369 [] []
[2013-09-23 23:59:49] spider.DEBUG: http://videos-chistosos.com.mx/video/como-arruinar-una-boda-566/	200	0.191946 [] []
[2013-09-23 23:59:49] spider.DEBUG: http://videos-chistosos.com.mx/video/parodia-mtv-4-the-hills-157/	200	0.189474 [] []
[2013-09-23 23:59:50] spider.DEBUG: http://videos-chistosos.com.mx/video/10-comerciales-que-no-puedes-perderte-1055/	200	0.188754 [] []
[2013-09-23 23:59:51] spider.DEBUG: http://videos-chistosos.com.mx/video/mira-las-personas-mas-estupidas-374/	200	0.190825 [] []
[2013-09-23 23:59:51] spider.DEBUG: http://videos-chistosos.com.mx/video/el-tonto-de-la-semana-934/	200	0.18944 [] []
[2013-09-23 23:59:52] spider.DEBUG: http://videos-chistosos.com.mx/video/repartidor-de-pizzas-del-siglo-xxi-739/	200	0.191213 [] []
[2013-09-23 23:59:53] spider.DEBUG: http://videos-chistosos.com.mx/video/bromas-para-despertar-a-tus-amigos-1849/	200	0.189682 [] []
[2013-09-23 23:59:53] spider.DEBUG: http://videos-chistosos.com.mx/video/auto-fuera-de-control-1692/	200	0.189261 [] []
[2013-09-23 23:59:54] spider.DEBUG: http://videos-chistosos.com.mx/video/el-peor-salto-989/	200	0.19011 [] []
[2013-09-23 23:59:55] spider.DEBUG: http://videos-chistosos.com.mx/video/desde-el-columpio-1264/	200	0.19041 [] []
[2013-09-23 23:59:55] spider.DEBUG: http://videos-chistosos.com.mx/video/algunas-bromas-nuevas-309/	200	0.190168 [] []
[2013-09-23 23:59:56] spider.DEBUG: http://videos-chistosos.com.mx/video/happy-hour-de-tragos-con-esta-mujer-441/	200	0.306582 [] []
[2013-09-23 23:59:57] spider.DEBUG: http://videos-chistosos.com.mx/video/vuelo-doloroso-1408/	200	0.19881 [] []
[2013-09-23 23:59:58] spider.DEBUG: http://videos-chistosos.com.mx/video/top-10-mejores-golpes-en-bmx-1825/	200	0.189315 [] []
[2013-09-23 23:59:58] spider.DEBUG: http://videos-chistosos.com.mx/video/elefante-vs-turista-1425/	200	0.189115 [] []
[2013-09-23 23:59:59] spider.DEBUG: http://videos-chistosos.com.mx/video/la-primer-puerta-invisible-270/	200	0.189461 [] []
[2013-09-24 00:00:00] spider.DEBUG: http://videos-chistosos.com.mx/video/los-peligros-de-ser-infiel-1656/	200	0.190041 [] []
[2013-09-24 00:00:00] spider.DEBUG: http://videos-chistosos.com.mx/video/nuevo-abridor-de-cerveza-809/	200	0.190779 [] []
